{"/home/imazurenko/Documents/weather-typescript/__tests__/mockedApiResponse.data.ts": {"path":"/home/imazurenko/Documents/weather-typescript/__tests__/mockedApiResponse.data.ts","statementMap":{"0":{"start":{"line":2,"column":0},"end":{"line":2,"column":62}},"1":{"start":{"line":3,"column":0},"end":{"line":1272,"column":2}}},"fnMap":{},"branchMap":{},"s":{"0":1,"1":1},"f":{},"b":{},"_coverageSchema":"1a1c01bbd47fc00a2c39e90264f33305004495a9","hash":"4aeb9485a46537ba25b1db457d79ac43fd670a4a"}
,"/home/imazurenko/Documents/weather-typescript/__tests__/mockedStoreKyiv.data.ts": {"path":"/home/imazurenko/Documents/weather-typescript/__tests__/mockedStoreKyiv.data.ts","statementMap":{"0":{"start":{"line":2,"column":0},"end":{"line":2,"column":62}},"1":{"start":{"line":3,"column":0},"end":{"line":1342,"column":2}}},"fnMap":{},"branchMap":{},"s":{"0":3,"1":3},"f":{},"b":{},"_coverageSchema":"1a1c01bbd47fc00a2c39e90264f33305004495a9","hash":"a1bbdf7a0b90cff260cdc3b7605303d90edccc3b"}
,"/home/imazurenko/Documents/weather-typescript/src/app/city-weather/CityWeather/CityWeather.tsx": {"path":"/home/imazurenko/Documents/weather-typescript/src/app/city-weather/CityWeather/CityWeather.tsx","statementMap":{"0":{"start":{"line":2,"column":0},"end":{"line":2,"column":62}},"1":{"start":{"line":3,"column":14},"end":{"line":3,"column":30}},"2":{"start":{"line":4,"column":22},"end":{"line":4,"column":44}},"3":{"start":{"line":5,"column":18},"end":{"line":5,"column":51}},"4":{"start":{"line":6,"column":27},"end":{"line":6,"column":54}},"5":{"start":{"line":7,"column":30},"end":{"line":7,"column":83}},"6":{"start":{"line":8,"column":15},"end":{"line":8,"column":44}},"7":{"start":{"line":9,"column":25},"end":{"line":9,"column":50}},"8":{"start":{"line":10,"column":16},"end":{"line":10,"column":51}},"9":{"start":{"line":11,"column":15},"end":{"line":11,"column":49}},"10":{"start":{"line":12,"column":24},"end":{"line":12,"column":63}},"11":{"start":{"line":13,"column":21},"end":{"line":13,"column":61}},"12":{"start":{"line":14,"column":15},"end":{"line":14,"column":43}},"13":{"start":{"line":17,"column":24},"end":{"line":24,"column":1}},"14":{"start":{"line":18,"column":4},"end":{"line":23,"column":6}},"15":{"start":{"line":25,"column":27},"end":{"line":31,"column":1}},"16":{"start":{"line":26,"column":4},"end":{"line":30,"column":6}},"17":{"start":{"line":27,"column":41},"end":{"line":27,"column":87}},"18":{"start":{"line":28,"column":48},"end":{"line":28,"column":107}},"19":{"start":{"line":29,"column":42},"end":{"line":29,"column":95}},"20":{"start":{"line":34,"column":8},"end":{"line":34,"column":21}},"21":{"start":{"line":35,"column":8},"end":{"line":37,"column":10}},"22":{"start":{"line":38,"column":8},"end":{"line":38,"column":69}},"23":{"start":{"line":41,"column":8},"end":{"line":41,"column":31}},"24":{"start":{"line":44,"column":8},"end":{"line":44,"column":31}},"25":{"start":{"line":47,"column":29},"end":{"line":47,"column":54}},"26":{"start":{"line":48,"column":8},"end":{"line":53,"column":9}},"27":{"start":{"line":49,"column":12},"end":{"line":49,"column":95}},"28":{"start":{"line":52,"column":12},"end":{"line":52,"column":62}},"29":{"start":{"line":56,"column":23},"end":{"line":56,"column":38}},"30":{"start":{"line":57,"column":8},"end":{"line":59,"column":11}},"31":{"start":{"line":58,"column":12},"end":{"line":58,"column":34}},"32":{"start":{"line":62,"column":28},"end":{"line":62,"column":47}},"33":{"start":{"line":63,"column":25},"end":{"line":63,"column":57}},"34":{"start":{"line":64,"column":8},"end":{"line":67,"column":9}},"35":{"start":{"line":65,"column":12},"end":{"line":65,"column":40}},"36":{"start":{"line":66,"column":12},"end":{"line":66,"column":52}},"37":{"start":{"line":70,"column":8},"end":{"line":89,"column":9}},"38":{"start":{"line":72,"column":16},"end":{"line":84,"column":31}},"39":{"start":{"line":82,"column":28},"end":{"line":83,"column":113}},"40":{"start":{"line":86,"column":16},"end":{"line":86,"column":134}},"41":{"start":{"line":88,"column":16},"end":{"line":88,"column":85}},"42":{"start":{"line":92,"column":0},"end":{"line":92,"column":34}},"43":{"start":{"line":94,"column":0},"end":{"line":94,"column":103}},"44":{"start":{"line":95,"column":0},"end":{"line":95,"column":78}}},"fnMap":{"0":{"name":"(anonymous_0)","decl":{"start":{"line":17,"column":24},"end":{"line":17,"column":25}},"loc":{"start":{"line":17,"column":35},"end":{"line":24,"column":1}},"line":17},"1":{"name":"(anonymous_1)","decl":{"start":{"line":25,"column":27},"end":{"line":25,"column":28}},"loc":{"start":{"line":25,"column":41},"end":{"line":31,"column":1}},"line":25},"2":{"name":"(anonymous_2)","decl":{"start":{"line":27,"column":28},"end":{"line":27,"column":29}},"loc":{"start":{"line":27,"column":39},"end":{"line":27,"column":89}},"line":27},"3":{"name":"(anonymous_3)","decl":{"start":{"line":28,"column":25},"end":{"line":28,"column":26}},"loc":{"start":{"line":28,"column":46},"end":{"line":28,"column":109}},"line":28},"4":{"name":"(anonymous_4)","decl":{"start":{"line":29,"column":28},"end":{"line":29,"column":29}},"loc":{"start":{"line":29,"column":40},"end":{"line":29,"column":97}},"line":29},"5":{"name":"(anonymous_5)","decl":{"start":{"line":33,"column":4},"end":{"line":33,"column":5}},"loc":{"start":{"line":33,"column":23},"end":{"line":39,"column":5}},"line":33},"6":{"name":"(anonymous_6)","decl":{"start":{"line":40,"column":4},"end":{"line":40,"column":5}},"loc":{"start":{"line":40,"column":24},"end":{"line":42,"column":5}},"line":40},"7":{"name":"(anonymous_7)","decl":{"start":{"line":43,"column":4},"end":{"line":43,"column":5}},"loc":{"start":{"line":43,"column":25},"end":{"line":45,"column":5}},"line":43},"8":{"name":"(anonymous_8)","decl":{"start":{"line":46,"column":4},"end":{"line":46,"column":5}},"loc":{"start":{"line":46,"column":25},"end":{"line":54,"column":5}},"line":46},"9":{"name":"(anonymous_9)","decl":{"start":{"line":55,"column":4},"end":{"line":55,"column":5}},"loc":{"start":{"line":55,"column":25},"end":{"line":60,"column":5}},"line":55},"10":{"name":"(anonymous_10)","decl":{"start":{"line":57,"column":42},"end":{"line":57,"column":43}},"loc":{"start":{"line":57,"column":52},"end":{"line":59,"column":9}},"line":57},"11":{"name":"(anonymous_11)","decl":{"start":{"line":61,"column":4},"end":{"line":61,"column":5}},"loc":{"start":{"line":61,"column":22},"end":{"line":68,"column":5}},"line":61},"12":{"name":"(anonymous_12)","decl":{"start":{"line":69,"column":4},"end":{"line":69,"column":5}},"loc":{"start":{"line":69,"column":13},"end":{"line":90,"column":5}},"line":69},"13":{"name":"(anonymous_13)","decl":{"start":{"line":81,"column":117},"end":{"line":81,"column":118}},"loc":{"start":{"line":81,"column":136},"end":{"line":84,"column":25}},"line":81}},"branchMap":{"0":{"loc":{"start":{"line":48,"column":8},"end":{"line":53,"column":9}},"type":"if","locations":[{"start":{"line":48,"column":8},"end":{"line":53,"column":9}},{"start":{"line":48,"column":8},"end":{"line":53,"column":9}}],"line":48},"1":{"loc":{"start":{"line":64,"column":8},"end":{"line":67,"column":9}},"type":"if","locations":[{"start":{"line":64,"column":8},"end":{"line":67,"column":9}},{"start":{"line":64,"column":8},"end":{"line":67,"column":9}}],"line":64},"2":{"loc":{"start":{"line":70,"column":8},"end":{"line":89,"column":9}},"type":"switch","locations":[{"start":{"line":71,"column":12},"end":{"line":84,"column":31}},{"start":{"line":85,"column":12},"end":{"line":86,"column":134}},{"start":{"line":87,"column":12},"end":{"line":88,"column":85}}],"line":70},"3":{"loc":{"start":{"line":77,"column":113},"end":{"line":79,"column":119}},"type":"cond-expr","locations":[{"start":{"line":78,"column":30},"end":{"line":78,"column":118}},{"start":{"line":79,"column":30},"end":{"line":79,"column":119}}],"line":77}},"s":{"0":1,"1":1,"2":1,"3":1,"4":1,"5":1,"6":1,"7":1,"8":1,"9":1,"10":1,"11":1,"12":1,"13":1,"14":4,"15":1,"16":4,"17":4,"18":0,"19":0,"20":4,"21":4,"22":4,"23":4,"24":4,"25":0,"26":0,"27":0,"28":0,"29":2,"30":2,"31":0,"32":8,"33":8,"34":8,"35":4,"36":4,"37":8,"38":2,"39":12,"40":2,"41":4,"42":1,"43":1,"44":1},"f":{"0":4,"1":4,"2":4,"3":0,"4":0,"5":4,"6":4,"7":4,"8":0,"9":2,"10":0,"11":8,"12":8,"13":12},"b":{"0":[0,0],"1":[4,4],"2":[2,2,4],"3":[0,2]},"_coverageSchema":"1a1c01bbd47fc00a2c39e90264f33305004495a9","hash":"bf1554b29f35e830b43c11581c75a8d5809711a3"}
,"/home/imazurenko/Documents/weather-typescript/src/app/city-weather/SmallWeatherDayCard/SmallWeatherDayCard.tsx": {"path":"/home/imazurenko/Documents/weather-typescript/src/app/city-weather/SmallWeatherDayCard/SmallWeatherDayCard.tsx","statementMap":{"0":{"start":{"line":2,"column":0},"end":{"line":2,"column":62}},"1":{"start":{"line":3,"column":14},"end":{"line":3,"column":30}},"2":{"start":{"line":4,"column":15},"end":{"line":4,"column":52}},"3":{"start":{"line":5,"column":29},"end":{"line":5,"column":80}},"4":{"start":{"line":6,"column":15},"end":{"line":6,"column":43}},"5":{"start":{"line":10,"column":8},"end":{"line":10,"column":21}},"6":{"start":{"line":11,"column":35},"end":{"line":11,"column":53}},"7":{"start":{"line":12,"column":24},"end":{"line":12,"column":130}},"8":{"start":{"line":12,"column":67},"end":{"line":12,"column":106}},"9":{"start":{"line":13,"column":21},"end":{"line":13,"column":62}},"10":{"start":{"line":14,"column":24},"end":{"line":14,"column":91}},"11":{"start":{"line":15,"column":30},"end":{"line":15,"column":67}},"12":{"start":{"line":16,"column":8},"end":{"line":19,"column":10}},"13":{"start":{"line":22,"column":8},"end":{"line":22,"column":41}},"14":{"start":{"line":25,"column":8},"end":{"line":39,"column":27}},"15":{"start":{"line":30,"column":37},"end":{"line":30,"column":72}},"16":{"start":{"line":31,"column":38},"end":{"line":31,"column":53}},"17":{"start":{"line":32,"column":24},"end":{"line":34,"column":35}},"18":{"start":{"line":32,"column":259},"end":{"line":32,"column":300}},"19":{"start":{"line":37,"column":24},"end":{"line":38,"column":114}},"20":{"start":{"line":43,"column":0},"end":{"line":43,"column":38}}},"fnMap":{"0":{"name":"(anonymous_0)","decl":{"start":{"line":9,"column":4},"end":{"line":9,"column":5}},"loc":{"start":{"line":9,"column":23},"end":{"line":20,"column":5}},"line":9},"1":{"name":"(anonymous_1)","decl":{"start":{"line":12,"column":46},"end":{"line":12,"column":47}},"loc":{"start":{"line":12,"column":67},"end":{"line":12,"column":106}},"line":12},"2":{"name":"(anonymous_2)","decl":{"start":{"line":21,"column":4},"end":{"line":21,"column":5}},"loc":{"start":{"line":21,"column":24},"end":{"line":23,"column":5}},"line":21},"3":{"name":"(anonymous_3)","decl":{"start":{"line":24,"column":4},"end":{"line":24,"column":5}},"loc":{"start":{"line":24,"column":13},"end":{"line":40,"column":5}},"line":24},"4":{"name":"(anonymous_4)","decl":{"start":{"line":29,"column":135},"end":{"line":29,"column":136}},"loc":{"start":{"line":29,"column":156},"end":{"line":35,"column":21}},"line":29},"5":{"name":"(anonymous_5)","decl":{"start":{"line":32,"column":251},"end":{"line":32,"column":252}},"loc":{"start":{"line":32,"column":257},"end":{"line":32,"column":302}},"line":32},"6":{"name":"(anonymous_6)","decl":{"start":{"line":36,"column":58},"end":{"line":36,"column":59}},"loc":{"start":{"line":36,"column":79},"end":{"line":39,"column":21}},"line":36}},"branchMap":{"0":{"loc":{"start":{"line":12,"column":67},"end":{"line":12,"column":106}},"type":"cond-expr","locations":[{"start":{"line":12,"column":88},"end":{"line":12,"column":100}},{"start":{"line":12,"column":103},"end":{"line":12,"column":106}}],"line":12},"1":{"loc":{"start":{"line":32,"column":90},"end":{"line":32,"column":159}},"type":"cond-expr","locations":[{"start":{"line":32,"column":136},"end":{"line":32,"column":147}},{"start":{"line":32,"column":150},"end":{"line":32,"column":159}}],"line":32}},"s":{"0":2,"1":2,"2":2,"3":2,"4":2,"5":7,"6":7,"7":7,"8":44,"9":7,"10":7,"11":7,"12":7,"13":0,"14":13,"15":84,"16":84,"17":84,"18":0,"19":84,"20":2},"f":{"0":7,"1":44,"2":0,"3":13,"4":84,"5":0,"6":84},"b":{"0":[0,44],"1":[13,71]},"_coverageSchema":"1a1c01bbd47fc00a2c39e90264f33305004495a9","hash":"1c69c791f4e0e18bfa0c5571ecb8bddafa510e0c"}
,"/home/imazurenko/Documents/weather-typescript/src/app/city-weather/TimeWeatherInfoTab/TimeWeatherInfoTab.tsx": {"path":"/home/imazurenko/Documents/weather-typescript/src/app/city-weather/TimeWeatherInfoTab/TimeWeatherInfoTab.tsx","statementMap":{"0":{"start":{"line":2,"column":0},"end":{"line":2,"column":62}},"1":{"start":{"line":3,"column":14},"end":{"line":3,"column":30}},"2":{"start":{"line":4,"column":19},"end":{"line":4,"column":50}},"3":{"start":{"line":5,"column":24},"end":{"line":5,"column":60}},"4":{"start":{"line":6,"column":21},"end":{"line":6,"column":54}},"5":{"start":{"line":7,"column":19},"end":{"line":7,"column":50}},"6":{"start":{"line":8,"column":15},"end":{"line":8,"column":51}},"7":{"start":{"line":9,"column":15},"end":{"line":9,"column":43}},"8":{"start":{"line":11,"column":19},"end":{"line":15,"column":1}},"9":{"start":{"line":16,"column":27},"end":{"line":30,"column":1}},"10":{"start":{"line":17,"column":4},"end":{"line":29,"column":149}},"11":{"start":{"line":31,"column":0},"end":{"line":31,"column":37}}},"fnMap":{"0":{"name":"(anonymous_0)","decl":{"start":{"line":16,"column":27},"end":{"line":16,"column":28}},"loc":{"start":{"line":16,"column":48},"end":{"line":30,"column":1}},"line":16}},"branchMap":{},"s":{"0":3,"1":3,"2":3,"3":3,"4":3,"5":3,"6":3,"7":3,"8":3,"9":3,"10":84,"11":3},"f":{"0":84},"b":{},"_coverageSchema":"1a1c01bbd47fc00a2c39e90264f33305004495a9","hash":"2bb565864cd107f0ce8a00ebb5c96c663ecfec13"}
,"/home/imazurenko/Documents/weather-typescript/src/app/global/Error/Error.tsx": {"path":"/home/imazurenko/Documents/weather-typescript/src/app/global/Error/Error.tsx","statementMap":{"0":{"start":{"line":2,"column":0},"end":{"line":2,"column":62}},"1":{"start":{"line":3,"column":14},"end":{"line":3,"column":30}},"2":{"start":{"line":4,"column":20},"end":{"line":4,"column":52}},"3":{"start":{"line":5,"column":15},"end":{"line":5,"column":38}},"4":{"start":{"line":6,"column":15},"end":{"line":6,"column":43}},"5":{"start":{"line":8,"column":14},"end":{"line":13,"column":1}},"6":{"start":{"line":9,"column":4},"end":{"line":12,"column":112}},"7":{"start":{"line":14,"column":0},"end":{"line":14,"column":24}}},"fnMap":{"0":{"name":"(anonymous_0)","decl":{"start":{"line":8,"column":14},"end":{"line":8,"column":15}},"loc":{"start":{"line":8,"column":33},"end":{"line":13,"column":1}},"line":8}},"branchMap":{},"s":{"0":2,"1":2,"2":2,"3":2,"4":2,"5":2,"6":4,"7":2},"f":{"0":4},"b":{},"_coverageSchema":"1a1c01bbd47fc00a2c39e90264f33305004495a9","hash":"6065dba6d6f71c3e879feb62b542465ba80031aa"}
,"/home/imazurenko/Documents/weather-typescript/src/app/global/FavoriteCitiesList/FavoriteCitiesList.tsx": {"path":"/home/imazurenko/Documents/weather-typescript/src/app/global/FavoriteCitiesList/FavoriteCitiesList.tsx","statementMap":{"0":{"start":{"line":2,"column":0},"end":{"line":2,"column":62}},"1":{"start":{"line":3,"column":14},"end":{"line":3,"column":30}},"2":{"start":{"line":4,"column":22},"end":{"line":4,"column":44}},"3":{"start":{"line":5,"column":24},"end":{"line":5,"column":63}},"4":{"start":{"line":6,"column":27},"end":{"line":6,"column":54}},"5":{"start":{"line":7,"column":15},"end":{"line":7,"column":43}},"6":{"start":{"line":8,"column":17},"end":{"line":8,"column":53}},"7":{"start":{"line":10,"column":24},"end":{"line":14,"column":1}},"8":{"start":{"line":11,"column":4},"end":{"line":13,"column":6}},"9":{"start":{"line":15,"column":27},"end":{"line":19,"column":1}},"10":{"start":{"line":16,"column":4},"end":{"line":18,"column":6}},"11":{"start":{"line":17,"column":42},"end":{"line":17,"column":95}},"12":{"start":{"line":20,"column":27},"end":{"line":31,"column":1}},"13":{"start":{"line":21,"column":4},"end":{"line":30,"column":13}},"14":{"start":{"line":25,"column":12},"end":{"line":29,"column":119}},"15":{"start":{"line":29,"column":81},"end":{"line":29,"column":109}},"16":{"start":{"line":32,"column":0},"end":{"line":32,"column":97}}},"fnMap":{"0":{"name":"(anonymous_0)","decl":{"start":{"line":10,"column":24},"end":{"line":10,"column":25}},"loc":{"start":{"line":10,"column":35},"end":{"line":14,"column":1}},"line":10},"1":{"name":"(anonymous_1)","decl":{"start":{"line":15,"column":27},"end":{"line":15,"column":28}},"loc":{"start":{"line":15,"column":41},"end":{"line":19,"column":1}},"line":15},"2":{"name":"(anonymous_2)","decl":{"start":{"line":17,"column":28},"end":{"line":17,"column":29}},"loc":{"start":{"line":17,"column":40},"end":{"line":17,"column":97}},"line":17},"3":{"name":"(anonymous_3)","decl":{"start":{"line":20,"column":27},"end":{"line":20,"column":28}},"loc":{"start":{"line":20,"column":67},"end":{"line":31,"column":1}},"line":20},"4":{"name":"(anonymous_4)","decl":{"start":{"line":24,"column":25},"end":{"line":24,"column":26}},"loc":{"start":{"line":24,"column":35},"end":{"line":30,"column":9}},"line":24},"5":{"name":"(anonymous_5)","decl":{"start":{"line":29,"column":73},"end":{"line":29,"column":74}},"loc":{"start":{"line":29,"column":79},"end":{"line":29,"column":111}},"line":29}},"branchMap":{"0":{"loc":{"start":{"line":21,"column":160},"end":{"line":30,"column":10}},"type":"cond-expr","locations":[{"start":{"line":22,"column":10},"end":{"line":23,"column":110}},{"start":{"line":24,"column":10},"end":{"line":30,"column":10}}],"line":21}},"s":{"0":1,"1":1,"2":1,"3":1,"4":1,"5":1,"6":1,"7":1,"8":0,"9":1,"10":0,"11":0,"12":1,"13":0,"14":0,"15":0,"16":1},"f":{"0":0,"1":0,"2":0,"3":0,"4":0,"5":0},"b":{"0":[0,0]},"_coverageSchema":"1a1c01bbd47fc00a2c39e90264f33305004495a9","hash":"078b8652d2fe493dbec59a7ce79075d414abee27"}
,"/home/imazurenko/Documents/weather-typescript/src/app/global/Header/Header.tsx": {"path":"/home/imazurenko/Documents/weather-typescript/src/app/global/Header/Header.tsx","statementMap":{"0":{"start":{"line":2,"column":0},"end":{"line":2,"column":62}},"1":{"start":{"line":3,"column":14},"end":{"line":3,"column":30}},"2":{"start":{"line":4,"column":21},"end":{"line":4,"column":56}},"3":{"start":{"line":5,"column":19},"end":{"line":5,"column":50}},"4":{"start":{"line":6,"column":15},"end":{"line":6,"column":43}},"5":{"start":{"line":7,"column":27},"end":{"line":7,"column":54}},"6":{"start":{"line":8,"column":15},"end":{"line":8,"column":39}},"7":{"start":{"line":9,"column":15},"end":{"line":17,"column":1}},"8":{"start":{"line":10,"column":4},"end":{"line":16,"column":68}},"9":{"start":{"line":18,"column":0},"end":{"line":18,"column":25}}},"fnMap":{"0":{"name":"(anonymous_0)","decl":{"start":{"line":9,"column":15},"end":{"line":9,"column":16}},"loc":{"start":{"line":9,"column":21},"end":{"line":17,"column":1}},"line":9}},"branchMap":{},"s":{"0":1,"1":1,"2":1,"3":1,"4":1,"5":1,"6":1,"7":1,"8":1,"9":1},"f":{"0":1},"b":{},"_coverageSchema":"1a1c01bbd47fc00a2c39e90264f33305004495a9","hash":"802badd01de39f69714e5c3cab7a90a38d0ade3c"}
,"/home/imazurenko/Documents/weather-typescript/src/app/global/SearchForm/SearchForm.tsx": {"path":"/home/imazurenko/Documents/weather-typescript/src/app/global/SearchForm/SearchForm.tsx","statementMap":{"0":{"start":{"line":2,"column":0},"end":{"line":2,"column":62}},"1":{"start":{"line":3,"column":14},"end":{"line":3,"column":30}},"2":{"start":{"line":4,"column":22},"end":{"line":4,"column":44}},"3":{"start":{"line":5,"column":27},"end":{"line":5,"column":54}},"4":{"start":{"line":6,"column":15},"end":{"line":6,"column":43}},"5":{"start":{"line":11,"column":8},"end":{"line":11,"column":21}},"6":{"start":{"line":12,"column":8},"end":{"line":12,"column":39}},"7":{"start":{"line":13,"column":8},"end":{"line":15,"column":10}},"8":{"start":{"line":16,"column":8},"end":{"line":16,"column":57}},"9":{"start":{"line":17,"column":8},"end":{"line":17,"column":57}},"10":{"start":{"line":20,"column":8},"end":{"line":20,"column":27}},"11":{"start":{"line":21,"column":30},"end":{"line":21,"column":40}},"12":{"start":{"line":22,"column":8},"end":{"line":25,"column":9}},"13":{"start":{"line":23,"column":12},"end":{"line":23,"column":42}},"14":{"start":{"line":24,"column":12},"end":{"line":24,"column":58}},"15":{"start":{"line":28,"column":20},"end":{"line":28,"column":34}},"16":{"start":{"line":29,"column":8},"end":{"line":29,"column":29}},"17":{"start":{"line":30,"column":8},"end":{"line":32,"column":11}},"18":{"start":{"line":35,"column":8},"end":{"line":40,"column":112}},"19":{"start":{"line":43,"column":0},"end":{"line":43,"column":32}},"20":{"start":{"line":45,"column":0},"end":{"line":45,"column":95}}},"fnMap":{"0":{"name":"(anonymous_0)","decl":{"start":{"line":10,"column":4},"end":{"line":10,"column":5}},"loc":{"start":{"line":10,"column":23},"end":{"line":18,"column":5}},"line":10},"1":{"name":"(anonymous_1)","decl":{"start":{"line":19,"column":4},"end":{"line":19,"column":5}},"loc":{"start":{"line":19,"column":20},"end":{"line":26,"column":5}},"line":19},"2":{"name":"(anonymous_2)","decl":{"start":{"line":27,"column":4},"end":{"line":27,"column":5}},"loc":{"start":{"line":27,"column":20},"end":{"line":33,"column":5}},"line":27},"3":{"name":"(anonymous_3)","decl":{"start":{"line":34,"column":4},"end":{"line":34,"column":5}},"loc":{"start":{"line":34,"column":13},"end":{"line":41,"column":5}},"line":34}},"branchMap":{"0":{"loc":{"start":{"line":22,"column":8},"end":{"line":25,"column":9}},"type":"if","locations":[{"start":{"line":22,"column":8},"end":{"line":25,"column":9}},{"start":{"line":22,"column":8},"end":{"line":25,"column":9}}],"line":22}},"s":{"0":2,"1":2,"2":2,"3":2,"4":2,"5":1,"6":1,"7":1,"8":1,"9":1,"10":0,"11":0,"12":0,"13":0,"14":0,"15":0,"16":0,"17":0,"18":1,"19":2,"20":2},"f":{"0":1,"1":0,"2":0,"3":1},"b":{"0":[0,0]},"_coverageSchema":"1a1c01bbd47fc00a2c39e90264f33305004495a9","hash":"27cf33a774eb3bcb3079d1461e5bd6b683768bbd"}
,"/home/imazurenko/Documents/weather-typescript/src/app/global/Sidebar/Sidebar.tsx": {"path":"/home/imazurenko/Documents/weather-typescript/src/app/global/Sidebar/Sidebar.tsx","statementMap":{"0":{"start":{"line":2,"column":0},"end":{"line":2,"column":62}},"1":{"start":{"line":3,"column":14},"end":{"line":3,"column":30}},"2":{"start":{"line":4,"column":15},"end":{"line":4,"column":43}},"3":{"start":{"line":5,"column":29},"end":{"line":5,"column":80}},"4":{"start":{"line":6,"column":16},"end":{"line":9,"column":1}},"5":{"start":{"line":7,"column":4},"end":{"line":8,"column":66}},"6":{"start":{"line":10,"column":0},"end":{"line":10,"column":26}}},"fnMap":{"0":{"name":"(anonymous_0)","decl":{"start":{"line":6,"column":16},"end":{"line":6,"column":17}},"loc":{"start":{"line":6,"column":22},"end":{"line":9,"column":1}},"line":6}},"branchMap":{},"s":{"0":1,"1":1,"2":1,"3":1,"4":1,"5":1,"6":1},"f":{"0":1},"b":{},"_coverageSchema":"1a1c01bbd47fc00a2c39e90264f33305004495a9","hash":"43d7aaf8156e8e16f9cd53ff1a582fcc1edd6318"}
,"/home/imazurenko/Documents/weather-typescript/src/app/icons/CloudsIcon.tsx": {"path":"/home/imazurenko/Documents/weather-typescript/src/app/icons/CloudsIcon.tsx","statementMap":{"0":{"start":{"line":2,"column":0},"end":{"line":2,"column":62}},"1":{"start":{"line":3,"column":14},"end":{"line":3,"column":30}},"2":{"start":{"line":4,"column":19},"end":{"line":7,"column":1}},"3":{"start":{"line":5,"column":4},"end":{"line":6,"column":545}},"4":{"start":{"line":8,"column":0},"end":{"line":8,"column":29}}},"fnMap":{"0":{"name":"(anonymous_0)","decl":{"start":{"line":4,"column":19},"end":{"line":4,"column":20}},"loc":{"start":{"line":4,"column":61},"end":{"line":7,"column":1}},"line":4}},"branchMap":{},"s":{"0":4,"1":4,"2":4,"3":81,"4":4},"f":{"0":81},"b":{},"_coverageSchema":"1a1c01bbd47fc00a2c39e90264f33305004495a9","hash":"6d24e2fe277b5825489c5a07ce5b429e6f696e15"}
,"/home/imazurenko/Documents/weather-typescript/src/app/icons/ErrorIcon.tsx": {"path":"/home/imazurenko/Documents/weather-typescript/src/app/icons/ErrorIcon.tsx","statementMap":{"0":{"start":{"line":2,"column":0},"end":{"line":2,"column":62}},"1":{"start":{"line":3,"column":14},"end":{"line":3,"column":30}},"2":{"start":{"line":4,"column":18},"end":{"line":14,"column":1}},"3":{"start":{"line":5,"column":4},"end":{"line":13,"column":264}},"4":{"start":{"line":15,"column":0},"end":{"line":15,"column":28}}},"fnMap":{"0":{"name":"(anonymous_0)","decl":{"start":{"line":4,"column":18},"end":{"line":4,"column":19}},"loc":{"start":{"line":4,"column":60},"end":{"line":14,"column":1}},"line":4}},"branchMap":{},"s":{"0":3,"1":3,"2":3,"3":3,"4":3},"f":{"0":3},"b":{},"_coverageSchema":"1a1c01bbd47fc00a2c39e90264f33305004495a9","hash":"e2139095f852b0b81dde91e859df374b982d10e0"}
,"/home/imazurenko/Documents/weather-typescript/src/app/icons/HomeIcon.tsx": {"path":"/home/imazurenko/Documents/weather-typescript/src/app/icons/HomeIcon.tsx","statementMap":{"0":{"start":{"line":2,"column":0},"end":{"line":2,"column":62}},"1":{"start":{"line":3,"column":14},"end":{"line":3,"column":30}},"2":{"start":{"line":4,"column":15},"end":{"line":4,"column":43}},"3":{"start":{"line":5,"column":17},"end":{"line":8,"column":1}},"4":{"start":{"line":6,"column":4},"end":{"line":7,"column":84}},"5":{"start":{"line":9,"column":0},"end":{"line":9,"column":27}}},"fnMap":{"0":{"name":"(anonymous_0)","decl":{"start":{"line":5,"column":17},"end":{"line":5,"column":18}},"loc":{"start":{"line":5,"column":28},"end":{"line":8,"column":1}},"line":5}},"branchMap":{},"s":{"0":1,"1":1,"2":1,"3":1,"4":0,"5":1},"f":{"0":0},"b":{},"_coverageSchema":"1a1c01bbd47fc00a2c39e90264f33305004495a9","hash":"7aa782ae73fa9fc7c5184a2b35a769f9d37eeb24"}
,"/home/imazurenko/Documents/weather-typescript/src/app/icons/TempFeelsIcon.tsx": {"path":"/home/imazurenko/Documents/weather-typescript/src/app/icons/TempFeelsIcon.tsx","statementMap":{"0":{"start":{"line":2,"column":0},"end":{"line":2,"column":62}},"1":{"start":{"line":3,"column":14},"end":{"line":3,"column":30}},"2":{"start":{"line":4,"column":22},"end":{"line":26,"column":1}},"3":{"start":{"line":5,"column":4},"end":{"line":25,"column":128}},"4":{"start":{"line":27,"column":0},"end":{"line":27,"column":32}}},"fnMap":{"0":{"name":"(anonymous_0)","decl":{"start":{"line":4,"column":22},"end":{"line":4,"column":23}},"loc":{"start":{"line":4,"column":64},"end":{"line":26,"column":1}},"line":4}},"branchMap":{},"s":{"0":4,"1":4,"2":4,"3":81,"4":4},"f":{"0":81},"b":{},"_coverageSchema":"1a1c01bbd47fc00a2c39e90264f33305004495a9","hash":"c0e197d1319ab51dc1e4ef3b0669184edcb95727"}
,"/home/imazurenko/Documents/weather-typescript/src/app/icons/TempIcon.tsx": {"path":"/home/imazurenko/Documents/weather-typescript/src/app/icons/TempIcon.tsx","statementMap":{"0":{"start":{"line":2,"column":0},"end":{"line":2,"column":62}},"1":{"start":{"line":3,"column":14},"end":{"line":3,"column":30}},"2":{"start":{"line":4,"column":17},"end":{"line":16,"column":1}},"3":{"start":{"line":5,"column":4},"end":{"line":15,"column":85}},"4":{"start":{"line":17,"column":0},"end":{"line":17,"column":27}}},"fnMap":{"0":{"name":"(anonymous_0)","decl":{"start":{"line":4,"column":17},"end":{"line":4,"column":18}},"loc":{"start":{"line":4,"column":59},"end":{"line":16,"column":1}},"line":4}},"branchMap":{},"s":{"0":4,"1":4,"2":4,"3":81,"4":4},"f":{"0":81},"b":{},"_coverageSchema":"1a1c01bbd47fc00a2c39e90264f33305004495a9","hash":"404ece15281e415678e3c446066e2a55d78f5ae0"}
,"/home/imazurenko/Documents/weather-typescript/src/app/icons/WindIcon.tsx": {"path":"/home/imazurenko/Documents/weather-typescript/src/app/icons/WindIcon.tsx","statementMap":{"0":{"start":{"line":2,"column":0},"end":{"line":2,"column":62}},"1":{"start":{"line":3,"column":14},"end":{"line":3,"column":30}},"2":{"start":{"line":4,"column":17},"end":{"line":16,"column":1}},"3":{"start":{"line":5,"column":4},"end":{"line":15,"column":139}},"4":{"start":{"line":17,"column":0},"end":{"line":17,"column":27}}},"fnMap":{"0":{"name":"(anonymous_0)","decl":{"start":{"line":4,"column":17},"end":{"line":4,"column":18}},"loc":{"start":{"line":4,"column":59},"end":{"line":16,"column":1}},"line":4}},"branchMap":{},"s":{"0":4,"1":4,"2":4,"3":81,"4":4},"f":{"0":81},"b":{},"_coverageSchema":"1a1c01bbd47fc00a2c39e90264f33305004495a9","hash":"b358b46a53740642fad72a92290dcc6ef9ac467f"}
,"/home/imazurenko/Documents/weather-typescript/src/constants/apiInfo.ts": {"path":"/home/imazurenko/Documents/weather-typescript/src/constants/apiInfo.ts","statementMap":{"0":{"start":{"line":2,"column":0},"end":{"line":2,"column":62}},"1":{"start":{"line":3,"column":0},"end":{"line":3,"column":73}},"2":{"start":{"line":4,"column":0},"end":{"line":4,"column":55}}},"fnMap":{},"branchMap":{},"s":{"0":2,"1":2,"2":2},"f":{},"b":{},"_coverageSchema":"1a1c01bbd47fc00a2c39e90264f33305004495a9","hash":"bfc354e6e2c10440c69c85545f1f9725b1e47deb"}
,"/home/imazurenko/Documents/weather-typescript/src/localStorage/favoriteCities.ts": {"path":"/home/imazurenko/Documents/weather-typescript/src/localStorage/favoriteCities.ts","statementMap":{"0":{"start":{"line":2,"column":0},"end":{"line":2,"column":62}},"1":{"start":{"line":3,"column":0},"end":{"line":7,"column":2}},"2":{"start":{"line":4,"column":27},"end":{"line":4,"column":83}},"3":{"start":{"line":5,"column":27},"end":{"line":5,"column":60}},"4":{"start":{"line":6,"column":4},"end":{"line":6,"column":75}},"5":{"start":{"line":8,"column":0},"end":{"line":12,"column":2}},"6":{"start":{"line":9,"column":27},"end":{"line":9,"column":83}},"7":{"start":{"line":10,"column":27},"end":{"line":10,"column":90}},"8":{"start":{"line":10,"column":67},"end":{"line":10,"column":89}},"9":{"start":{"line":11,"column":4},"end":{"line":11,"column":75}}},"fnMap":{"0":{"name":"(anonymous_0)","decl":{"start":{"line":3,"column":18},"end":{"line":3,"column":19}},"loc":{"start":{"line":3,"column":36},"end":{"line":7,"column":1}},"line":3},"1":{"name":"(anonymous_1)","decl":{"start":{"line":8,"column":21},"end":{"line":8,"column":22}},"loc":{"start":{"line":8,"column":29},"end":{"line":12,"column":1}},"line":8},"2":{"name":"(anonymous_2)","decl":{"start":{"line":10,"column":49},"end":{"line":10,"column":50}},"loc":{"start":{"line":10,"column":67},"end":{"line":10,"column":89}},"line":10}},"branchMap":{"0":{"loc":{"start":{"line":4,"column":27},"end":{"line":4,"column":83}},"type":"binary-expr","locations":[{"start":{"line":4,"column":27},"end":{"line":4,"column":77}},{"start":{"line":4,"column":81},"end":{"line":4,"column":83}}],"line":4},"1":{"loc":{"start":{"line":9,"column":27},"end":{"line":9,"column":83}},"type":"binary-expr","locations":[{"start":{"line":9,"column":27},"end":{"line":9,"column":77}},{"start":{"line":9,"column":81},"end":{"line":9,"column":83}}],"line":9}},"s":{"0":2,"1":2,"2":0,"3":0,"4":0,"5":2,"6":0,"7":0,"8":0,"9":0},"f":{"0":0,"1":0,"2":0},"b":{"0":[0,0],"1":[0,0]},"_coverageSchema":"1a1c01bbd47fc00a2c39e90264f33305004495a9","hash":"83497e6a584ae92ef46fff0efd7c5ea417997bfd"}
,"/home/imazurenko/Documents/weather-typescript/src/localStorage/index.ts": {"path":"/home/imazurenko/Documents/weather-typescript/src/localStorage/index.ts","statementMap":{"0":{"start":{"line":3,"column":4},"end":{"line":3,"column":71}},"1":{"start":{"line":3,"column":21},"end":{"line":3,"column":71}},"2":{"start":{"line":3,"column":53},"end":{"line":3,"column":71}},"3":{"start":{"line":5,"column":0},"end":{"line":5,"column":62}},"4":{"start":{"line":6,"column":0},"end":{"line":6,"column":28}},"5":{"start":{"line":7,"column":0},"end":{"line":7,"column":29}}},"fnMap":{"0":{"name":"__export","decl":{"start":{"line":2,"column":9},"end":{"line":2,"column":17}},"loc":{"start":{"line":2,"column":21},"end":{"line":4,"column":1}},"line":2}},"branchMap":{"0":{"loc":{"start":{"line":3,"column":21},"end":{"line":3,"column":71}},"type":"if","locations":[{"start":{"line":3,"column":21},"end":{"line":3,"column":71}},{"start":{"line":3,"column":21},"end":{"line":3,"column":71}}],"line":3}},"s":{"0":4,"1":8,"2":8,"3":2,"4":2,"5":2},"f":{"0":4},"b":{"0":[8,0]},"_coverageSchema":"1a1c01bbd47fc00a2c39e90264f33305004495a9","hash":"20a5ec170d01aad350bc2cda499aaf43cd3c9957"}
,"/home/imazurenko/Documents/weather-typescript/src/localStorage/main.ts": {"path":"/home/imazurenko/Documents/weather-typescript/src/localStorage/main.ts","statementMap":{"0":{"start":{"line":2,"column":0},"end":{"line":2,"column":62}},"1":{"start":{"line":3,"column":16},"end":{"line":3,"column":34}},"2":{"start":{"line":4,"column":25},"end":{"line":4,"column":52}},"3":{"start":{"line":5,"column":0},"end":{"line":14,"column":2}},"4":{"start":{"line":6,"column":4},"end":{"line":13,"column":5}},"5":{"start":{"line":8,"column":12},"end":{"line":8,"column":53}},"6":{"start":{"line":9,"column":12},"end":{"line":9,"column":18}},"7":{"start":{"line":11,"column":12},"end":{"line":11,"column":56}},"8":{"start":{"line":12,"column":12},"end":{"line":12,"column":18}},"9":{"start":{"line":15,"column":0},"end":{"line":20,"column":2}},"10":{"start":{"line":17,"column":28},"end":{"line":17,"column":90}},"11":{"start":{"line":18,"column":8},"end":{"line":18,"column":58}}},"fnMap":{"0":{"name":"(anonymous_0)","decl":{"start":{"line":5,"column":30},"end":{"line":5,"column":31}},"loc":{"start":{"line":5,"column":42},"end":{"line":14,"column":1}},"line":5},"1":{"name":"(anonymous_1)","decl":{"start":{"line":16,"column":20},"end":{"line":16,"column":21}},"loc":{"start":{"line":16,"column":26},"end":{"line":19,"column":5}},"line":16}},"branchMap":{"0":{"loc":{"start":{"line":6,"column":4},"end":{"line":13,"column":5}},"type":"switch","locations":[{"start":{"line":7,"column":8},"end":{"line":9,"column":18}},{"start":{"line":10,"column":8},"end":{"line":12,"column":18}}],"line":6},"1":{"loc":{"start":{"line":18,"column":15},"end":{"line":18,"column":57}},"type":"cond-expr","locations":[{"start":{"line":18,"column":29},"end":{"line":18,"column":52}},{"start":{"line":18,"column":55},"end":{"line":18,"column":57}}],"line":18}},"s":{"0":2,"1":2,"2":2,"3":2,"4":0,"5":0,"6":0,"7":0,"8":0,"9":2,"10":2,"11":2},"f":{"0":0,"1":2},"b":{"0":[0,0],"1":[0,2]},"_coverageSchema":"1a1c01bbd47fc00a2c39e90264f33305004495a9","hash":"57bbcad7df1e39a47c6adb45911fca5f8284c1fa"}
,"/home/imazurenko/Documents/weather-typescript/src/localStorage/types.ts": {"path":"/home/imazurenko/Documents/weather-typescript/src/localStorage/types.ts","statementMap":{"0":{"start":{"line":2,"column":0},"end":{"line":2,"column":62}},"1":{"start":{"line":4,"column":0},"end":{"line":7,"column":104}},"2":{"start":{"line":5,"column":4},"end":{"line":5,"column":71}},"3":{"start":{"line":6,"column":4},"end":{"line":6,"column":77}},"4":{"start":{"line":10,"column":0},"end":{"line":12,"column":86}},"5":{"start":{"line":11,"column":4},"end":{"line":11,"column":59}}},"fnMap":{"0":{"name":"(anonymous_0)","decl":{"start":{"line":4,"column":1},"end":{"line":4,"column":2}},"loc":{"start":{"line":4,"column":36},"end":{"line":7,"column":1}},"line":4},"1":{"name":"(anonymous_1)","decl":{"start":{"line":10,"column":1},"end":{"line":10,"column":2}},"loc":{"start":{"line":10,"column":30},"end":{"line":12,"column":1}},"line":10}},"branchMap":{"0":{"loc":{"start":{"line":7,"column":29},"end":{"line":7,"column":102}},"type":"binary-expr","locations":[{"start":{"line":7,"column":29},"end":{"line":7,"column":60}},{"start":{"line":7,"column":65},"end":{"line":7,"column":101}}],"line":7},"1":{"loc":{"start":{"line":12,"column":23},"end":{"line":12,"column":84}},"type":"binary-expr","locations":[{"start":{"line":12,"column":23},"end":{"line":12,"column":48}},{"start":{"line":12,"column":53},"end":{"line":12,"column":83}}],"line":12}},"s":{"0":2,"1":2,"2":2,"3":2,"4":2,"5":2},"f":{"0":2,"1":2},"b":{"0":[2,2],"1":[2,2]},"_coverageSchema":"1a1c01bbd47fc00a2c39e90264f33305004495a9","hash":"e5614672530a255be020408d93212bd544f073be"}
,"/home/imazurenko/Documents/weather-typescript/src/store/favoritesCity/actions.ts": {"path":"/home/imazurenko/Documents/weather-typescript/src/store/favoritesCity/actions.ts","statementMap":{"0":{"start":{"line":2,"column":0},"end":{"line":2,"column":62}},"1":{"start":{"line":3,"column":16},"end":{"line":3,"column":34}},"2":{"start":{"line":4,"column":0},"end":{"line":8,"column":2}},"3":{"start":{"line":5,"column":4},"end":{"line":7,"column":6}},"4":{"start":{"line":6,"column":8},"end":{"line":6,"column":105}},"5":{"start":{"line":9,"column":0},"end":{"line":13,"column":2}},"6":{"start":{"line":10,"column":4},"end":{"line":12,"column":6}},"7":{"start":{"line":11,"column":8},"end":{"line":11,"column":99}}},"fnMap":{"0":{"name":"(anonymous_0)","decl":{"start":{"line":4,"column":26},"end":{"line":4,"column":27}},"loc":{"start":{"line":4,"column":47},"end":{"line":8,"column":1}},"line":4},"1":{"name":"(anonymous_1)","decl":{"start":{"line":5,"column":11},"end":{"line":5,"column":12}},"loc":{"start":{"line":5,"column":25},"end":{"line":7,"column":5}},"line":5},"2":{"name":"(anonymous_2)","decl":{"start":{"line":9,"column":29},"end":{"line":9,"column":30}},"loc":{"start":{"line":9,"column":41},"end":{"line":13,"column":1}},"line":9},"3":{"name":"(anonymous_3)","decl":{"start":{"line":10,"column":11},"end":{"line":10,"column":12}},"loc":{"start":{"line":10,"column":25},"end":{"line":12,"column":5}},"line":10}},"branchMap":{},"s":{"0":2,"1":2,"2":2,"3":0,"4":0,"5":2,"6":0,"7":0},"f":{"0":0,"1":0,"2":0,"3":0},"b":{},"_coverageSchema":"1a1c01bbd47fc00a2c39e90264f33305004495a9","hash":"0a4ca941d40769fb51d732e3fa1101038ca4c77a"}
,"/home/imazurenko/Documents/weather-typescript/src/store/favoritesCity/index.ts": {"path":"/home/imazurenko/Documents/weather-typescript/src/store/favoritesCity/index.ts","statementMap":{"0":{"start":{"line":3,"column":4},"end":{"line":3,"column":71}},"1":{"start":{"line":3,"column":21},"end":{"line":3,"column":71}},"2":{"start":{"line":3,"column":53},"end":{"line":3,"column":71}},"3":{"start":{"line":5,"column":0},"end":{"line":5,"column":62}},"4":{"start":{"line":6,"column":0},"end":{"line":6,"column":31}},"5":{"start":{"line":7,"column":0},"end":{"line":7,"column":31}},"6":{"start":{"line":8,"column":0},"end":{"line":8,"column":29}}},"fnMap":{"0":{"name":"__export","decl":{"start":{"line":2,"column":9},"end":{"line":2,"column":17}},"loc":{"start":{"line":2,"column":21},"end":{"line":4,"column":1}},"line":2}},"branchMap":{"0":{"loc":{"start":{"line":3,"column":21},"end":{"line":3,"column":71}},"type":"if","locations":[{"start":{"line":3,"column":21},"end":{"line":3,"column":71}},{"start":{"line":3,"column":21},"end":{"line":3,"column":71}}],"line":3}},"s":{"0":6,"1":10,"2":10,"3":2,"4":2,"5":2,"6":2},"f":{"0":6},"b":{"0":[10,0]},"_coverageSchema":"1a1c01bbd47fc00a2c39e90264f33305004495a9","hash":"ca1267b901e6aa3cd8f0ce9f25f2a95cbc6ce160"}
,"/home/imazurenko/Documents/weather-typescript/src/store/favoritesCity/reducer.ts": {"path":"/home/imazurenko/Documents/weather-typescript/src/store/favoritesCity/reducer.ts","statementMap":{"0":{"start":{"line":2,"column":0},"end":{"line":2,"column":62}},"1":{"start":{"line":3,"column":16},"end":{"line":3,"column":34}},"2":{"start":{"line":4,"column":23},"end":{"line":4,"column":52}},"3":{"start":{"line":5,"column":0},"end":{"line":7,"column":2}},"4":{"start":{"line":8,"column":16},"end":{"line":24,"column":1}},"5":{"start":{"line":9,"column":4},"end":{"line":23,"column":5}},"6":{"start":{"line":12,"column":16},"end":{"line":12,"column":118}},"7":{"start":{"line":17,"column":16},"end":{"line":17,"column":140}},"8":{"start":{"line":17,"column":109},"end":{"line":17,"column":135}},"9":{"start":{"line":21,"column":12},"end":{"line":21,"column":25}},"10":{"start":{"line":25,"column":0},"end":{"line":25,"column":38}}},"fnMap":{"0":{"name":"(anonymous_0)","decl":{"start":{"line":8,"column":16},"end":{"line":8,"column":17}},"loc":{"start":{"line":8,"column":58},"end":{"line":24,"column":1}},"line":8},"1":{"name":"(anonymous_1)","decl":{"start":{"line":17,"column":101},"end":{"line":17,"column":102}},"loc":{"start":{"line":17,"column":109},"end":{"line":17,"column":135}},"line":17}},"branchMap":{"0":{"loc":{"start":{"line":8,"column":17},"end":{"line":8,"column":45}},"type":"default-arg","locations":[{"start":{"line":8,"column":25},"end":{"line":8,"column":45}}],"line":8},"1":{"loc":{"start":{"line":9,"column":4},"end":{"line":23,"column":5}},"type":"switch","locations":[{"start":{"line":10,"column":8},"end":{"line":14,"column":13}},{"start":{"line":15,"column":8},"end":{"line":19,"column":13}},{"start":{"line":20,"column":8},"end":{"line":22,"column":9}}],"line":9}},"s":{"0":2,"1":2,"2":2,"3":2,"4":2,"5":0,"6":0,"7":0,"8":0,"9":0,"10":2},"f":{"0":0,"1":0},"b":{"0":[0],"1":[0,0,0]},"_coverageSchema":"1a1c01bbd47fc00a2c39e90264f33305004495a9","hash":"c1d22a2bf0fa9f1458cee3815a748de0ba7d57bc"}
,"/home/imazurenko/Documents/weather-typescript/src/store/favoritesCity/types.ts": {"path":"/home/imazurenko/Documents/weather-typescript/src/store/favoritesCity/types.ts","statementMap":{"0":{"start":{"line":2,"column":0},"end":{"line":2,"column":62}},"1":{"start":{"line":5,"column":0},"end":{"line":8,"column":107}},"2":{"start":{"line":6,"column":4},"end":{"line":6,"column":72}},"3":{"start":{"line":7,"column":4},"end":{"line":7,"column":78}}},"fnMap":{"0":{"name":"(anonymous_0)","decl":{"start":{"line":5,"column":1},"end":{"line":5,"column":2}},"loc":{"start":{"line":5,"column":37},"end":{"line":8,"column":1}},"line":5}},"branchMap":{"0":{"loc":{"start":{"line":8,"column":30},"end":{"line":8,"column":105}},"type":"binary-expr","locations":[{"start":{"line":8,"column":30},"end":{"line":8,"column":62}},{"start":{"line":8,"column":67},"end":{"line":8,"column":104}}],"line":8}},"s":{"0":2,"1":2,"2":2,"3":2},"f":{"0":2},"b":{"0":[2,2]},"_coverageSchema":"1a1c01bbd47fc00a2c39e90264f33305004495a9","hash":"2d1e2ea5685457400cb1d1ed8858dbca2e82f17e"}
,"/home/imazurenko/Documents/weather-typescript/src/store/weather/actions.ts": {"path":"/home/imazurenko/Documents/weather-typescript/src/store/weather/actions.ts","statementMap":{"0":{"start":{"line":2,"column":0},"end":{"line":2,"column":62}},"1":{"start":{"line":3,"column":16},"end":{"line":3,"column":34}},"2":{"start":{"line":4,"column":16},"end":{"line":4,"column":32}},"3":{"start":{"line":5,"column":18},"end":{"line":5,"column":52}},"4":{"start":{"line":6,"column":18},"end":{"line":6,"column":38}},"5":{"start":{"line":7,"column":0},"end":{"line":22,"column":2}},"6":{"start":{"line":8,"column":4},"end":{"line":21,"column":6}},"7":{"start":{"line":9,"column":30},"end":{"line":9,"column":113}},"8":{"start":{"line":10,"column":8},"end":{"line":10,"column":105}},"9":{"start":{"line":11,"column":8},"end":{"line":20,"column":11}},"10":{"start":{"line":13,"column":42},"end":{"line":13,"column":89}},"11":{"start":{"line":14,"column":12},"end":{"line":14,"column":83}},"12":{"start":{"line":15,"column":12},"end":{"line":15,"column":98}},"13":{"start":{"line":16,"column":12},"end":{"line":16,"column":109}},"14":{"start":{"line":19,"column":12},"end":{"line":19,"column":107}}},"fnMap":{"0":{"name":"(anonymous_0)","decl":{"start":{"line":7,"column":29},"end":{"line":7,"column":30}},"loc":{"start":{"line":7,"column":43},"end":{"line":22,"column":1}},"line":7},"1":{"name":"(anonymous_1)","decl":{"start":{"line":8,"column":11},"end":{"line":8,"column":12}},"loc":{"start":{"line":8,"column":25},"end":{"line":21,"column":5}},"line":8},"2":{"name":"(anonymous_2)","decl":{"start":{"line":12,"column":18},"end":{"line":12,"column":19}},"loc":{"start":{"line":12,"column":30},"end":{"line":17,"column":9}},"line":12},"3":{"name":"(anonymous_3)","decl":{"start":{"line":18,"column":19},"end":{"line":18,"column":20}},"loc":{"start":{"line":18,"column":25},"end":{"line":20,"column":9}},"line":18}},"branchMap":{},"s":{"0":2,"1":2,"2":2,"3":2,"4":2,"5":2,"6":7,"7":7,"8":7,"9":7,"10":1,"11":1,"12":1,"13":1,"14":2},"f":{"0":7,"1":7,"2":1,"3":2},"b":{},"_coverageSchema":"1a1c01bbd47fc00a2c39e90264f33305004495a9","hash":"3cbd774f25fdb1e4b4baf9c8b4d77d89e863042b"}
,"/home/imazurenko/Documents/weather-typescript/src/store/weather/helpers.ts": {"path":"/home/imazurenko/Documents/weather-typescript/src/store/weather/helpers.ts","statementMap":{"0":{"start":{"line":2,"column":0},"end":{"line":2,"column":62}},"1":{"start":{"line":4,"column":26},"end":{"line":4,"column":28}},"2":{"start":{"line":5,"column":17},"end":{"line":5,"column":56}},"3":{"start":{"line":6,"column":4},"end":{"line":16,"column":7}},"4":{"start":{"line":7,"column":24},"end":{"line":7,"column":55}},"5":{"start":{"line":8,"column":22},"end":{"line":8,"column":47}},"6":{"start":{"line":9,"column":20},"end":{"line":9,"column":40}},"7":{"start":{"line":10,"column":21},"end":{"line":10,"column":45}},"8":{"start":{"line":11,"column":24},"end":{"line":11,"column":54}},"9":{"start":{"line":12,"column":8},"end":{"line":14,"column":9}},"10":{"start":{"line":13,"column":12},"end":{"line":13,"column":40}},"11":{"start":{"line":15,"column":8},"end":{"line":15,"column":49}},"12":{"start":{"line":17,"column":22},"end":{"line":17,"column":24}},"13":{"start":{"line":18,"column":27},"end":{"line":18,"column":53}},"14":{"start":{"line":19,"column":4},"end":{"line":26,"column":7}},"15":{"start":{"line":20,"column":30},"end":{"line":24,"column":9}},"16":{"start":{"line":25,"column":8},"end":{"line":25,"column":38}},"17":{"start":{"line":27,"column":4},"end":{"line":27,"column":44}},"18":{"start":{"line":29,"column":0},"end":{"line":29,"column":56}}},"fnMap":{"0":{"name":"convertWeatherResponse","decl":{"start":{"line":3,"column":9},"end":{"line":3,"column":31}},"loc":{"start":{"line":3,"column":49},"end":{"line":28,"column":1}},"line":3},"1":{"name":"(anonymous_1)","decl":{"start":{"line":6,"column":33},"end":{"line":6,"column":34}},"loc":{"start":{"line":6,"column":50},"end":{"line":16,"column":5}},"line":6},"2":{"name":"(anonymous_2)","decl":{"start":{"line":19,"column":27},"end":{"line":19,"column":28}},"loc":{"start":{"line":19,"column":36},"end":{"line":26,"column":5}},"line":19}},"branchMap":{"0":{"loc":{"start":{"line":12,"column":8},"end":{"line":14,"column":9}},"type":"if","locations":[{"start":{"line":12,"column":8},"end":{"line":14,"column":9}},{"start":{"line":12,"column":8},"end":{"line":14,"column":9}}],"line":12}},"s":{"0":2,"1":2,"2":2,"3":2,"4":80,"5":80,"6":80,"7":80,"8":80,"9":80,"10":12,"11":80,"12":2,"13":2,"14":2,"15":12,"16":12,"17":2,"18":2},"f":{"0":2,"1":80,"2":12},"b":{"0":[12,68]},"_coverageSchema":"1a1c01bbd47fc00a2c39e90264f33305004495a9","hash":"db43133f7077bd1a19728663cd14feb0f4428f3e"}
,"/home/imazurenko/Documents/weather-typescript/src/store/weather/index.ts": {"path":"/home/imazurenko/Documents/weather-typescript/src/store/weather/index.ts","statementMap":{"0":{"start":{"line":3,"column":4},"end":{"line":3,"column":71}},"1":{"start":{"line":3,"column":21},"end":{"line":3,"column":71}},"2":{"start":{"line":3,"column":53},"end":{"line":3,"column":71}},"3":{"start":{"line":5,"column":0},"end":{"line":5,"column":62}},"4":{"start":{"line":6,"column":0},"end":{"line":6,"column":31}},"5":{"start":{"line":7,"column":0},"end":{"line":7,"column":31}},"6":{"start":{"line":8,"column":0},"end":{"line":8,"column":29}}},"fnMap":{"0":{"name":"__export","decl":{"start":{"line":2,"column":9},"end":{"line":2,"column":17}},"loc":{"start":{"line":2,"column":21},"end":{"line":4,"column":1}},"line":2}},"branchMap":{"0":{"loc":{"start":{"line":3,"column":21},"end":{"line":3,"column":71}},"type":"if","locations":[{"start":{"line":3,"column":21},"end":{"line":3,"column":71}},{"start":{"line":3,"column":21},"end":{"line":3,"column":71}}],"line":3}},"s":{"0":6,"1":8,"2":8,"3":2,"4":2,"5":2,"6":2},"f":{"0":6},"b":{"0":[8,0]},"_coverageSchema":"1a1c01bbd47fc00a2c39e90264f33305004495a9","hash":"48e418bc6e7e6bf3bae15c4655d6d94b6c8cdc5b"}
,"/home/imazurenko/Documents/weather-typescript/src/store/weather/reducer.ts": {"path":"/home/imazurenko/Documents/weather-typescript/src/store/weather/reducer.ts","statementMap":{"0":{"start":{"line":2,"column":0},"end":{"line":2,"column":62}},"1":{"start":{"line":3,"column":16},"end":{"line":3,"column":34}},"2":{"start":{"line":4,"column":0},"end":{"line":8,"column":2}},"3":{"start":{"line":9,"column":16},"end":{"line":30,"column":1}},"4":{"start":{"line":10,"column":4},"end":{"line":29,"column":5}},"5":{"start":{"line":13,"column":16},"end":{"line":13,"column":89}},"6":{"start":{"line":18,"column":16},"end":{"line":18,"column":96}},"7":{"start":{"line":23,"column":16},"end":{"line":23,"column":107}},"8":{"start":{"line":27,"column":12},"end":{"line":27,"column":25}},"9":{"start":{"line":31,"column":0},"end":{"line":31,"column":33}}},"fnMap":{"0":{"name":"(anonymous_0)","decl":{"start":{"line":9,"column":16},"end":{"line":9,"column":17}},"loc":{"start":{"line":9,"column":58},"end":{"line":30,"column":1}},"line":9}},"branchMap":{"0":{"loc":{"start":{"line":9,"column":17},"end":{"line":9,"column":45}},"type":"default-arg","locations":[{"start":{"line":9,"column":25},"end":{"line":9,"column":45}}],"line":9},"1":{"loc":{"start":{"line":10,"column":4},"end":{"line":29,"column":5}},"type":"switch","locations":[{"start":{"line":11,"column":8},"end":{"line":15,"column":13}},{"start":{"line":16,"column":8},"end":{"line":20,"column":13}},{"start":{"line":21,"column":8},"end":{"line":25,"column":13}},{"start":{"line":26,"column":8},"end":{"line":28,"column":9}}],"line":10}},"s":{"0":2,"1":2,"2":2,"3":2,"4":0,"5":0,"6":0,"7":0,"8":0,"9":2},"f":{"0":0},"b":{"0":[0],"1":[0,0,0,0]},"_coverageSchema":"1a1c01bbd47fc00a2c39e90264f33305004495a9","hash":"3df7abd3f348743da42f6fb2543cdecdfc40ac8e"}
,"/home/imazurenko/Documents/weather-typescript/src/store/weather/types.ts": {"path":"/home/imazurenko/Documents/weather-typescript/src/store/weather/types.ts","statementMap":{"0":{"start":{"line":2,"column":0},"end":{"line":2,"column":62}},"1":{"start":{"line":4,"column":0},"end":{"line":8,"column":89}},"2":{"start":{"line":5,"column":4},"end":{"line":5,"column":48}},"3":{"start":{"line":6,"column":4},"end":{"line":6,"column":64}},"4":{"start":{"line":7,"column":4},"end":{"line":7,"column":90}}},"fnMap":{"0":{"name":"(anonymous_0)","decl":{"start":{"line":4,"column":1},"end":{"line":4,"column":2}},"loc":{"start":{"line":4,"column":31},"end":{"line":8,"column":1}},"line":4}},"branchMap":{"0":{"loc":{"start":{"line":8,"column":24},"end":{"line":8,"column":87}},"type":"binary-expr","locations":[{"start":{"line":8,"column":24},"end":{"line":8,"column":50}},{"start":{"line":8,"column":55},"end":{"line":8,"column":86}}],"line":8}},"s":{"0":2,"1":2,"2":2,"3":2,"4":2},"f":{"0":2},"b":{"0":[2,2]},"_coverageSchema":"1a1c01bbd47fc00a2c39e90264f33305004495a9","hash":"acbe511bb7c899dc936c86968623629747a521ea"}
}
