{"/Users/tanya/Documents/github/weather-typescript/__tests__/mockedStore.data.ts": {"path":"/Users/tanya/Documents/github/weather-typescript/__tests__/mockedStore.data.ts","statementMap":{"0":{"start":{"line":2,"column":0},"end":{"line":2,"column":62}},"1":{"start":{"line":3,"column":0},"end":{"line":1339,"column":2}}},"fnMap":{},"branchMap":{},"s":{"0":1,"1":1},"f":{},"b":{},"_coverageSchema":"1a1c01bbd47fc00a2c39e90264f33305004495a9","hash":"690429950ebce27aca8c47cc37beaa3e3ca35824"}
,"/Users/tanya/Documents/github/weather-typescript/src/app/city-weather/CityWeather/CityWeather.tsx": {"path":"/Users/tanya/Documents/github/weather-typescript/src/app/city-weather/CityWeather/CityWeather.tsx","statementMap":{"0":{"start":{"line":2,"column":0},"end":{"line":2,"column":62}},"1":{"start":{"line":3,"column":14},"end":{"line":3,"column":30}},"2":{"start":{"line":4,"column":22},"end":{"line":4,"column":44}},"3":{"start":{"line":5,"column":18},"end":{"line":5,"column":51}},"4":{"start":{"line":6,"column":27},"end":{"line":6,"column":54}},"5":{"start":{"line":7,"column":30},"end":{"line":7,"column":83}},"6":{"start":{"line":8,"column":15},"end":{"line":8,"column":44}},"7":{"start":{"line":9,"column":25},"end":{"line":9,"column":50}},"8":{"start":{"line":10,"column":16},"end":{"line":10,"column":51}},"9":{"start":{"line":13,"column":24},"end":{"line":18,"column":1}},"10":{"start":{"line":14,"column":4},"end":{"line":17,"column":6}},"11":{"start":{"line":19,"column":27},"end":{"line":23,"column":1}},"12":{"start":{"line":20,"column":4},"end":{"line":22,"column":6}},"13":{"start":{"line":21,"column":41},"end":{"line":21,"column":87}},"14":{"start":{"line":26,"column":8},"end":{"line":26,"column":21}},"15":{"start":{"line":27,"column":8},"end":{"line":29,"column":10}},"16":{"start":{"line":32,"column":8},"end":{"line":32,"column":31}},"17":{"start":{"line":35,"column":8},"end":{"line":35,"column":31}},"18":{"start":{"line":38,"column":28},"end":{"line":38,"column":47}},"19":{"start":{"line":39,"column":25},"end":{"line":39,"column":57}},"20":{"start":{"line":40,"column":8},"end":{"line":43,"column":9}},"21":{"start":{"line":41,"column":12},"end":{"line":41,"column":40}},"22":{"start":{"line":42,"column":12},"end":{"line":42,"column":52}},"23":{"start":{"line":46,"column":8},"end":{"line":59,"column":9}},"24":{"start":{"line":48,"column":16},"end":{"line":54,"column":26}},"25":{"start":{"line":53,"column":24},"end":{"line":53,"column":145}},"26":{"start":{"line":56,"column":16},"end":{"line":56,"column":147}},"27":{"start":{"line":58,"column":16},"end":{"line":58,"column":85}},"28":{"start":{"line":62,"column":0},"end":{"line":62,"column":34}},"29":{"start":{"line":64,"column":0},"end":{"line":64,"column":103}},"30":{"start":{"line":65,"column":0},"end":{"line":65,"column":78}}},"fnMap":{"0":{"name":"(anonymous_0)","decl":{"start":{"line":13,"column":24},"end":{"line":13,"column":25}},"loc":{"start":{"line":13,"column":35},"end":{"line":18,"column":1}},"line":13},"1":{"name":"(anonymous_1)","decl":{"start":{"line":19,"column":27},"end":{"line":19,"column":28}},"loc":{"start":{"line":19,"column":41},"end":{"line":23,"column":1}},"line":19},"2":{"name":"(anonymous_2)","decl":{"start":{"line":21,"column":28},"end":{"line":21,"column":29}},"loc":{"start":{"line":21,"column":39},"end":{"line":21,"column":89}},"line":21},"3":{"name":"(anonymous_3)","decl":{"start":{"line":25,"column":4},"end":{"line":25,"column":5}},"loc":{"start":{"line":25,"column":23},"end":{"line":30,"column":5}},"line":25},"4":{"name":"(anonymous_4)","decl":{"start":{"line":31,"column":4},"end":{"line":31,"column":5}},"loc":{"start":{"line":31,"column":24},"end":{"line":33,"column":5}},"line":31},"5":{"name":"(anonymous_5)","decl":{"start":{"line":34,"column":4},"end":{"line":34,"column":5}},"loc":{"start":{"line":34,"column":25},"end":{"line":36,"column":5}},"line":34},"6":{"name":"(anonymous_6)","decl":{"start":{"line":37,"column":4},"end":{"line":37,"column":5}},"loc":{"start":{"line":37,"column":22},"end":{"line":44,"column":5}},"line":37},"7":{"name":"(anonymous_7)","decl":{"start":{"line":45,"column":4},"end":{"line":45,"column":5}},"loc":{"start":{"line":45,"column":13},"end":{"line":60,"column":5}},"line":45},"8":{"name":"(anonymous_8)","decl":{"start":{"line":52,"column":135},"end":{"line":52,"column":136}},"loc":{"start":{"line":52,"column":154},"end":{"line":54,"column":21}},"line":52}},"branchMap":{"0":{"loc":{"start":{"line":40,"column":8},"end":{"line":43,"column":9}},"type":"if","locations":[{"start":{"line":40,"column":8},"end":{"line":43,"column":9}},{"start":{"line":40,"column":8},"end":{"line":43,"column":9}}],"line":40},"1":{"loc":{"start":{"line":46,"column":8},"end":{"line":59,"column":9}},"type":"switch","locations":[{"start":{"line":47,"column":12},"end":{"line":54,"column":26}},{"start":{"line":55,"column":12},"end":{"line":56,"column":147}},{"start":{"line":57,"column":12},"end":{"line":58,"column":85}}],"line":46},"2":{"loc":{"start":{"line":52,"column":82},"end":{"line":54,"column":22}},"type":"binary-expr","locations":[{"start":{"line":52,"column":82},"end":{"line":52,"column":104}},{"start":{"line":52,"column":108},"end":{"line":54,"column":22}}],"line":52}},"s":{"0":1,"1":1,"2":1,"3":1,"4":1,"5":1,"6":1,"7":1,"8":1,"9":1,"10":4,"11":1,"12":4,"13":4,"14":4,"15":4,"16":4,"17":4,"18":8,"19":8,"20":8,"21":4,"22":4,"23":8,"24":2,"25":12,"26":2,"27":4,"28":1,"29":1,"30":1},"f":{"0":4,"1":4,"2":4,"3":4,"4":4,"5":4,"6":8,"7":8,"8":12},"b":{"0":[4,4],"1":[2,2,4],"2":[2,2]},"_coverageSchema":"1a1c01bbd47fc00a2c39e90264f33305004495a9","hash":"4a4287cb1744a89e6b6d98e2110b74d402401522"}
,"/Users/tanya/Documents/github/weather-typescript/src/app/city-weather/SmallWeatherDayCard/SmallWeatherDayCard.tsx": {"path":"/Users/tanya/Documents/github/weather-typescript/src/app/city-weather/SmallWeatherDayCard/SmallWeatherDayCard.tsx","statementMap":{"0":{"start":{"line":2,"column":0},"end":{"line":2,"column":62}},"1":{"start":{"line":3,"column":14},"end":{"line":3,"column":30}},"2":{"start":{"line":4,"column":15},"end":{"line":4,"column":52}},"3":{"start":{"line":5,"column":29},"end":{"line":5,"column":80}},"4":{"start":{"line":9,"column":8},"end":{"line":9,"column":21}},"5":{"start":{"line":10,"column":35},"end":{"line":10,"column":53}},"6":{"start":{"line":11,"column":24},"end":{"line":11,"column":130}},"7":{"start":{"line":11,"column":67},"end":{"line":11,"column":106}},"8":{"start":{"line":12,"column":8},"end":{"line":14,"column":10}},"9":{"start":{"line":17,"column":8},"end":{"line":19,"column":9}},"10":{"start":{"line":18,"column":12},"end":{"line":18,"column":45}},"11":{"start":{"line":22,"column":33},"end":{"line":24,"column":10}},"12":{"start":{"line":23,"column":12},"end":{"line":23,"column":63}},"13":{"start":{"line":25,"column":21},"end":{"line":25,"column":62}},"14":{"start":{"line":26,"column":24},"end":{"line":26,"column":91}},"15":{"start":{"line":27,"column":30},"end":{"line":27,"column":67}},"16":{"start":{"line":28,"column":8},"end":{"line":43,"column":104}},"17":{"start":{"line":31,"column":29},"end":{"line":31,"column":64}},"18":{"start":{"line":32,"column":30},"end":{"line":32,"column":45}},"19":{"start":{"line":33,"column":16},"end":{"line":40,"column":27}},"20":{"start":{"line":38,"column":51},"end":{"line":38,"column":95}},"21":{"start":{"line":47,"column":0},"end":{"line":47,"column":38}}},"fnMap":{"0":{"name":"(anonymous_0)","decl":{"start":{"line":8,"column":4},"end":{"line":8,"column":5}},"loc":{"start":{"line":8,"column":23},"end":{"line":15,"column":5}},"line":8},"1":{"name":"(anonymous_1)","decl":{"start":{"line":11,"column":46},"end":{"line":11,"column":47}},"loc":{"start":{"line":11,"column":67},"end":{"line":11,"column":106}},"line":11},"2":{"name":"(anonymous_2)","decl":{"start":{"line":16,"column":4},"end":{"line":16,"column":5}},"loc":{"start":{"line":16,"column":31},"end":{"line":20,"column":5}},"line":16},"3":{"name":"(anonymous_3)","decl":{"start":{"line":21,"column":4},"end":{"line":21,"column":5}},"loc":{"start":{"line":21,"column":13},"end":{"line":44,"column":5}},"line":21},"4":{"name":"(anonymous_4)","decl":{"start":{"line":22,"column":72},"end":{"line":22,"column":73}},"loc":{"start":{"line":22,"column":93},"end":{"line":24,"column":9}},"line":22},"5":{"name":"(anonymous_5)","decl":{"start":{"line":30,"column":117},"end":{"line":30,"column":118}},"loc":{"start":{"line":30,"column":138},"end":{"line":41,"column":13}},"line":30},"6":{"name":"(anonymous_6)","decl":{"start":{"line":38,"column":42},"end":{"line":38,"column":43}},"loc":{"start":{"line":38,"column":49},"end":{"line":38,"column":97}},"line":38}},"branchMap":{"0":{"loc":{"start":{"line":11,"column":67},"end":{"line":11,"column":106}},"type":"cond-expr","locations":[{"start":{"line":11,"column":88},"end":{"line":11,"column":100}},{"start":{"line":11,"column":103},"end":{"line":11,"column":106}}],"line":11},"1":{"loc":{"start":{"line":17,"column":8},"end":{"line":19,"column":9}},"type":"if","locations":[{"start":{"line":17,"column":8},"end":{"line":19,"column":9}},{"start":{"line":17,"column":8},"end":{"line":19,"column":9}}],"line":17},"2":{"loc":{"start":{"line":35,"column":24},"end":{"line":37,"column":32}},"type":"cond-expr","locations":[{"start":{"line":36,"column":30},"end":{"line":36,"column":52}},{"start":{"line":37,"column":30},"end":{"line":37,"column":32}}],"line":35}},"s":{"0":1,"1":1,"2":1,"3":1,"4":6,"5":6,"6":6,"7":40,"8":6,"9":0,"10":0,"11":12,"12":12,"13":12,"14":12,"15":12,"16":12,"17":80,"18":80,"19":80,"20":0,"21":1},"f":{"0":6,"1":40,"2":0,"3":12,"4":12,"5":80,"6":0},"b":{"0":[0,40],"1":[0,0],"2":[12,68]},"_coverageSchema":"1a1c01bbd47fc00a2c39e90264f33305004495a9","hash":"3c4c1b6238e7de4ba31b117ac2d2414b0fb41cd2"}
,"/Users/tanya/Documents/github/weather-typescript/src/app/city-weather/TimeWeatherInfoTab/TimeWeatherInfoTab.tsx": {"path":"/Users/tanya/Documents/github/weather-typescript/src/app/city-weather/TimeWeatherInfoTab/TimeWeatherInfoTab.tsx","statementMap":{"0":{"start":{"line":2,"column":0},"end":{"line":2,"column":62}},"1":{"start":{"line":3,"column":14},"end":{"line":3,"column":30}},"2":{"start":{"line":4,"column":19},"end":{"line":4,"column":50}},"3":{"start":{"line":5,"column":24},"end":{"line":5,"column":60}},"4":{"start":{"line":6,"column":21},"end":{"line":6,"column":54}},"5":{"start":{"line":7,"column":19},"end":{"line":7,"column":50}},"6":{"start":{"line":8,"column":15},"end":{"line":8,"column":51}},"7":{"start":{"line":10,"column":19},"end":{"line":14,"column":1}},"8":{"start":{"line":15,"column":27},"end":{"line":43,"column":1}},"9":{"start":{"line":16,"column":4},"end":{"line":42,"column":26}},"10":{"start":{"line":44,"column":0},"end":{"line":44,"column":37}}},"fnMap":{"0":{"name":"(anonymous_0)","decl":{"start":{"line":15,"column":27},"end":{"line":15,"column":28}},"loc":{"start":{"line":15,"column":48},"end":{"line":43,"column":1}},"line":15}},"branchMap":{},"s":{"0":1,"1":1,"2":1,"3":1,"4":1,"5":1,"6":1,"7":1,"8":1,"9":12,"10":1},"f":{"0":12},"b":{},"_coverageSchema":"1a1c01bbd47fc00a2c39e90264f33305004495a9","hash":"fee8edee21ef98be1d33e8f3d6b258de049bdf75"}
,"/Users/tanya/Documents/github/weather-typescript/src/app/global/Error/Error.tsx": {"path":"/Users/tanya/Documents/github/weather-typescript/src/app/global/Error/Error.tsx","statementMap":{"0":{"start":{"line":2,"column":0},"end":{"line":2,"column":62}},"1":{"start":{"line":3,"column":14},"end":{"line":3,"column":30}},"2":{"start":{"line":4,"column":20},"end":{"line":4,"column":52}},"3":{"start":{"line":5,"column":15},"end":{"line":5,"column":38}},"4":{"start":{"line":7,"column":14},"end":{"line":12,"column":1}},"5":{"start":{"line":8,"column":4},"end":{"line":11,"column":81}},"6":{"start":{"line":13,"column":0},"end":{"line":13,"column":24}}},"fnMap":{"0":{"name":"(anonymous_0)","decl":{"start":{"line":7,"column":14},"end":{"line":7,"column":15}},"loc":{"start":{"line":7,"column":33},"end":{"line":12,"column":1}},"line":7}},"branchMap":{},"s":{"0":1,"1":1,"2":1,"3":1,"4":1,"5":2,"6":1},"f":{"0":2},"b":{},"_coverageSchema":"1a1c01bbd47fc00a2c39e90264f33305004495a9","hash":"361fbfe50fb856280e20afcb0fec3e29c6531907"}
,"/Users/tanya/Documents/github/weather-typescript/src/app/icons/CloudsIcon.tsx": {"path":"/Users/tanya/Documents/github/weather-typescript/src/app/icons/CloudsIcon.tsx","statementMap":{"0":{"start":{"line":2,"column":0},"end":{"line":2,"column":62}},"1":{"start":{"line":3,"column":14},"end":{"line":3,"column":30}},"2":{"start":{"line":4,"column":19},"end":{"line":7,"column":1}},"3":{"start":{"line":5,"column":4},"end":{"line":6,"column":545}},"4":{"start":{"line":8,"column":0},"end":{"line":8,"column":29}}},"fnMap":{"0":{"name":"(anonymous_0)","decl":{"start":{"line":4,"column":19},"end":{"line":4,"column":20}},"loc":{"start":{"line":4,"column":61},"end":{"line":7,"column":1}},"line":4}},"branchMap":{},"s":{"0":2,"1":2,"2":2,"3":13,"4":2},"f":{"0":13},"b":{},"_coverageSchema":"1a1c01bbd47fc00a2c39e90264f33305004495a9","hash":"3f00434142f5c323fb4205e162c503fabf431520"}
,"/Users/tanya/Documents/github/weather-typescript/src/app/icons/ErrorIcon.tsx": {"path":"/Users/tanya/Documents/github/weather-typescript/src/app/icons/ErrorIcon.tsx","statementMap":{"0":{"start":{"line":2,"column":0},"end":{"line":2,"column":62}},"1":{"start":{"line":3,"column":14},"end":{"line":3,"column":30}},"2":{"start":{"line":4,"column":18},"end":{"line":14,"column":1}},"3":{"start":{"line":5,"column":4},"end":{"line":13,"column":264}},"4":{"start":{"line":15,"column":0},"end":{"line":15,"column":28}}},"fnMap":{"0":{"name":"(anonymous_0)","decl":{"start":{"line":4,"column":18},"end":{"line":4,"column":19}},"loc":{"start":{"line":4,"column":60},"end":{"line":14,"column":1}},"line":4}},"branchMap":{},"s":{"0":2,"1":2,"2":2,"3":3,"4":2},"f":{"0":3},"b":{},"_coverageSchema":"1a1c01bbd47fc00a2c39e90264f33305004495a9","hash":"956b54d3c255adf4aad4cdbbc3fbb770eb46d4f7"}
,"/Users/tanya/Documents/github/weather-typescript/src/app/icons/TempFeelsIcon.tsx": {"path":"/Users/tanya/Documents/github/weather-typescript/src/app/icons/TempFeelsIcon.tsx","statementMap":{"0":{"start":{"line":2,"column":0},"end":{"line":2,"column":62}},"1":{"start":{"line":3,"column":14},"end":{"line":3,"column":30}},"2":{"start":{"line":4,"column":22},"end":{"line":26,"column":1}},"3":{"start":{"line":5,"column":4},"end":{"line":25,"column":128}},"4":{"start":{"line":27,"column":0},"end":{"line":27,"column":32}}},"fnMap":{"0":{"name":"(anonymous_0)","decl":{"start":{"line":4,"column":22},"end":{"line":4,"column":23}},"loc":{"start":{"line":4,"column":64},"end":{"line":26,"column":1}},"line":4}},"branchMap":{},"s":{"0":2,"1":2,"2":2,"3":13,"4":2},"f":{"0":13},"b":{},"_coverageSchema":"1a1c01bbd47fc00a2c39e90264f33305004495a9","hash":"6d2d98091d058321ed27a78bcb0a7e7d3f47860e"}
,"/Users/tanya/Documents/github/weather-typescript/src/app/icons/TempIcon.tsx": {"path":"/Users/tanya/Documents/github/weather-typescript/src/app/icons/TempIcon.tsx","statementMap":{"0":{"start":{"line":2,"column":0},"end":{"line":2,"column":62}},"1":{"start":{"line":3,"column":14},"end":{"line":3,"column":30}},"2":{"start":{"line":4,"column":17},"end":{"line":16,"column":1}},"3":{"start":{"line":5,"column":4},"end":{"line":15,"column":85}},"4":{"start":{"line":17,"column":0},"end":{"line":17,"column":27}}},"fnMap":{"0":{"name":"(anonymous_0)","decl":{"start":{"line":4,"column":17},"end":{"line":4,"column":18}},"loc":{"start":{"line":4,"column":59},"end":{"line":16,"column":1}},"line":4}},"branchMap":{},"s":{"0":2,"1":2,"2":2,"3":13,"4":2},"f":{"0":13},"b":{},"_coverageSchema":"1a1c01bbd47fc00a2c39e90264f33305004495a9","hash":"815bd14d55e60eccdc2df66fd2b7c4784313dfd0"}
,"/Users/tanya/Documents/github/weather-typescript/src/app/icons/WindIcon.tsx": {"path":"/Users/tanya/Documents/github/weather-typescript/src/app/icons/WindIcon.tsx","statementMap":{"0":{"start":{"line":2,"column":0},"end":{"line":2,"column":62}},"1":{"start":{"line":3,"column":14},"end":{"line":3,"column":30}},"2":{"start":{"line":4,"column":17},"end":{"line":16,"column":1}},"3":{"start":{"line":5,"column":4},"end":{"line":15,"column":139}},"4":{"start":{"line":17,"column":0},"end":{"line":17,"column":27}}},"fnMap":{"0":{"name":"(anonymous_0)","decl":{"start":{"line":4,"column":17},"end":{"line":4,"column":18}},"loc":{"start":{"line":4,"column":59},"end":{"line":16,"column":1}},"line":4}},"branchMap":{},"s":{"0":2,"1":2,"2":2,"3":13,"4":2},"f":{"0":13},"b":{},"_coverageSchema":"1a1c01bbd47fc00a2c39e90264f33305004495a9","hash":"680c6363f0c13d58beb99b6436c018c86fc602d0"}
,"/Users/tanya/Documents/github/weather-typescript/src/constants/apiInfo.ts": {"path":"/Users/tanya/Documents/github/weather-typescript/src/constants/apiInfo.ts","statementMap":{"0":{"start":{"line":2,"column":0},"end":{"line":2,"column":62}},"1":{"start":{"line":3,"column":0},"end":{"line":3,"column":73}},"2":{"start":{"line":4,"column":0},"end":{"line":4,"column":55}}},"fnMap":{},"branchMap":{},"s":{"0":1,"1":1,"2":1},"f":{},"b":{},"_coverageSchema":"1a1c01bbd47fc00a2c39e90264f33305004495a9","hash":"68ea7b22b688ae922df736d07c02936a23addd91"}
,"/Users/tanya/Documents/github/weather-typescript/src/store/weather/actions.ts": {"path":"/Users/tanya/Documents/github/weather-typescript/src/store/weather/actions.ts","statementMap":{"0":{"start":{"line":2,"column":0},"end":{"line":2,"column":62}},"1":{"start":{"line":3,"column":16},"end":{"line":3,"column":34}},"2":{"start":{"line":4,"column":16},"end":{"line":4,"column":32}},"3":{"start":{"line":5,"column":18},"end":{"line":5,"column":52}},"4":{"start":{"line":6,"column":18},"end":{"line":6,"column":38}},"5":{"start":{"line":7,"column":0},"end":{"line":22,"column":2}},"6":{"start":{"line":8,"column":4},"end":{"line":21,"column":6}},"7":{"start":{"line":9,"column":30},"end":{"line":9,"column":113}},"8":{"start":{"line":10,"column":8},"end":{"line":10,"column":105}},"9":{"start":{"line":11,"column":8},"end":{"line":20,"column":11}},"10":{"start":{"line":13,"column":42},"end":{"line":13,"column":89}},"11":{"start":{"line":14,"column":12},"end":{"line":14,"column":83}},"12":{"start":{"line":15,"column":12},"end":{"line":15,"column":98}},"13":{"start":{"line":16,"column":12},"end":{"line":16,"column":109}},"14":{"start":{"line":19,"column":12},"end":{"line":19,"column":107}}},"fnMap":{"0":{"name":"(anonymous_0)","decl":{"start":{"line":7,"column":29},"end":{"line":7,"column":30}},"loc":{"start":{"line":7,"column":43},"end":{"line":22,"column":1}},"line":7},"1":{"name":"(anonymous_1)","decl":{"start":{"line":8,"column":11},"end":{"line":8,"column":12}},"loc":{"start":{"line":8,"column":25},"end":{"line":21,"column":5}},"line":8},"2":{"name":"(anonymous_2)","decl":{"start":{"line":12,"column":18},"end":{"line":12,"column":19}},"loc":{"start":{"line":12,"column":30},"end":{"line":17,"column":9}},"line":12},"3":{"name":"(anonymous_3)","decl":{"start":{"line":18,"column":19},"end":{"line":18,"column":20}},"loc":{"start":{"line":18,"column":25},"end":{"line":20,"column":9}},"line":18}},"branchMap":{},"s":{"0":1,"1":1,"2":1,"3":1,"4":1,"5":1,"6":4,"7":4,"8":4,"9":4,"10":0,"11":0,"12":0,"13":0,"14":0},"f":{"0":4,"1":4,"2":0,"3":0},"b":{},"_coverageSchema":"1a1c01bbd47fc00a2c39e90264f33305004495a9","hash":"1a9ff690a6d4dbac7a0c91c6335c2a3ed6ad43dd"}
,"/Users/tanya/Documents/github/weather-typescript/src/store/weather/helpers.ts": {"path":"/Users/tanya/Documents/github/weather-typescript/src/store/weather/helpers.ts","statementMap":{"0":{"start":{"line":2,"column":0},"end":{"line":2,"column":62}},"1":{"start":{"line":4,"column":26},"end":{"line":4,"column":28}},"2":{"start":{"line":5,"column":17},"end":{"line":5,"column":56}},"3":{"start":{"line":6,"column":4},"end":{"line":16,"column":7}},"4":{"start":{"line":7,"column":24},"end":{"line":7,"column":55}},"5":{"start":{"line":8,"column":22},"end":{"line":8,"column":47}},"6":{"start":{"line":9,"column":20},"end":{"line":9,"column":40}},"7":{"start":{"line":10,"column":21},"end":{"line":10,"column":45}},"8":{"start":{"line":11,"column":24},"end":{"line":11,"column":54}},"9":{"start":{"line":12,"column":8},"end":{"line":14,"column":9}},"10":{"start":{"line":13,"column":12},"end":{"line":13,"column":40}},"11":{"start":{"line":15,"column":8},"end":{"line":15,"column":49}},"12":{"start":{"line":17,"column":22},"end":{"line":17,"column":24}},"13":{"start":{"line":18,"column":27},"end":{"line":18,"column":53}},"14":{"start":{"line":19,"column":4},"end":{"line":26,"column":7}},"15":{"start":{"line":20,"column":30},"end":{"line":24,"column":9}},"16":{"start":{"line":25,"column":8},"end":{"line":25,"column":38}},"17":{"start":{"line":27,"column":4},"end":{"line":27,"column":44}},"18":{"start":{"line":29,"column":0},"end":{"line":29,"column":56}}},"fnMap":{"0":{"name":"convertWeatherResponse","decl":{"start":{"line":3,"column":9},"end":{"line":3,"column":31}},"loc":{"start":{"line":3,"column":49},"end":{"line":28,"column":1}},"line":3},"1":{"name":"(anonymous_1)","decl":{"start":{"line":6,"column":33},"end":{"line":6,"column":34}},"loc":{"start":{"line":6,"column":50},"end":{"line":16,"column":5}},"line":6},"2":{"name":"(anonymous_2)","decl":{"start":{"line":19,"column":27},"end":{"line":19,"column":28}},"loc":{"start":{"line":19,"column":36},"end":{"line":26,"column":5}},"line":19}},"branchMap":{"0":{"loc":{"start":{"line":12,"column":8},"end":{"line":14,"column":9}},"type":"if","locations":[{"start":{"line":12,"column":8},"end":{"line":14,"column":9}},{"start":{"line":12,"column":8},"end":{"line":14,"column":9}}],"line":12}},"s":{"0":1,"1":0,"2":0,"3":0,"4":0,"5":0,"6":0,"7":0,"8":0,"9":0,"10":0,"11":0,"12":0,"13":0,"14":0,"15":0,"16":0,"17":0,"18":1},"f":{"0":0,"1":0,"2":0},"b":{"0":[0,0]},"_coverageSchema":"1a1c01bbd47fc00a2c39e90264f33305004495a9","hash":"90291d0a9724cc19cb3cfd38544c88ccc935c677"}
,"/Users/tanya/Documents/github/weather-typescript/src/store/weather/index.ts": {"path":"/Users/tanya/Documents/github/weather-typescript/src/store/weather/index.ts","statementMap":{"0":{"start":{"line":3,"column":4},"end":{"line":3,"column":71}},"1":{"start":{"line":3,"column":21},"end":{"line":3,"column":71}},"2":{"start":{"line":3,"column":53},"end":{"line":3,"column":71}},"3":{"start":{"line":5,"column":0},"end":{"line":5,"column":62}},"4":{"start":{"line":6,"column":0},"end":{"line":6,"column":31}},"5":{"start":{"line":7,"column":0},"end":{"line":7,"column":31}},"6":{"start":{"line":8,"column":0},"end":{"line":8,"column":29}}},"fnMap":{"0":{"name":"__export","decl":{"start":{"line":2,"column":9},"end":{"line":2,"column":17}},"loc":{"start":{"line":2,"column":21},"end":{"line":4,"column":1}},"line":2}},"branchMap":{"0":{"loc":{"start":{"line":3,"column":21},"end":{"line":3,"column":71}},"type":"if","locations":[{"start":{"line":3,"column":21},"end":{"line":3,"column":71}},{"start":{"line":3,"column":21},"end":{"line":3,"column":71}}],"line":3}},"s":{"0":3,"1":4,"2":4,"3":1,"4":1,"5":1,"6":1},"f":{"0":3},"b":{"0":[4,0]},"_coverageSchema":"1a1c01bbd47fc00a2c39e90264f33305004495a9","hash":"4837371a7d619d02f141ddcd738f0fed0d026f00"}
,"/Users/tanya/Documents/github/weather-typescript/src/store/weather/reducer.ts": {"path":"/Users/tanya/Documents/github/weather-typescript/src/store/weather/reducer.ts","statementMap":{"0":{"start":{"line":2,"column":0},"end":{"line":2,"column":62}},"1":{"start":{"line":3,"column":16},"end":{"line":3,"column":34}},"2":{"start":{"line":4,"column":0},"end":{"line":8,"column":2}},"3":{"start":{"line":9,"column":16},"end":{"line":30,"column":1}},"4":{"start":{"line":10,"column":4},"end":{"line":29,"column":5}},"5":{"start":{"line":13,"column":16},"end":{"line":13,"column":89}},"6":{"start":{"line":18,"column":16},"end":{"line":18,"column":96}},"7":{"start":{"line":23,"column":16},"end":{"line":23,"column":107}},"8":{"start":{"line":27,"column":12},"end":{"line":27,"column":25}},"9":{"start":{"line":31,"column":0},"end":{"line":31,"column":33}}},"fnMap":{"0":{"name":"(anonymous_0)","decl":{"start":{"line":9,"column":16},"end":{"line":9,"column":17}},"loc":{"start":{"line":9,"column":58},"end":{"line":30,"column":1}},"line":9}},"branchMap":{"0":{"loc":{"start":{"line":9,"column":17},"end":{"line":9,"column":45}},"type":"default-arg","locations":[{"start":{"line":9,"column":25},"end":{"line":9,"column":45}}],"line":9},"1":{"loc":{"start":{"line":10,"column":4},"end":{"line":29,"column":5}},"type":"switch","locations":[{"start":{"line":11,"column":8},"end":{"line":15,"column":13}},{"start":{"line":16,"column":8},"end":{"line":20,"column":13}},{"start":{"line":21,"column":8},"end":{"line":25,"column":13}},{"start":{"line":26,"column":8},"end":{"line":28,"column":9}}],"line":10}},"s":{"0":1,"1":1,"2":1,"3":1,"4":0,"5":0,"6":0,"7":0,"8":0,"9":1},"f":{"0":0},"b":{"0":[0],"1":[0,0,0,0]},"_coverageSchema":"1a1c01bbd47fc00a2c39e90264f33305004495a9","hash":"c9c9317738030806417d319bcd4d99a9cfc2e1ac"}
,"/Users/tanya/Documents/github/weather-typescript/src/store/weather/types.ts": {"path":"/Users/tanya/Documents/github/weather-typescript/src/store/weather/types.ts","statementMap":{"0":{"start":{"line":2,"column":0},"end":{"line":2,"column":62}},"1":{"start":{"line":4,"column":0},"end":{"line":8,"column":89}},"2":{"start":{"line":5,"column":4},"end":{"line":5,"column":48}},"3":{"start":{"line":6,"column":4},"end":{"line":6,"column":64}},"4":{"start":{"line":7,"column":4},"end":{"line":7,"column":90}}},"fnMap":{"0":{"name":"(anonymous_0)","decl":{"start":{"line":4,"column":1},"end":{"line":4,"column":2}},"loc":{"start":{"line":4,"column":31},"end":{"line":8,"column":1}},"line":4}},"branchMap":{"0":{"loc":{"start":{"line":8,"column":24},"end":{"line":8,"column":87}},"type":"binary-expr","locations":[{"start":{"line":8,"column":24},"end":{"line":8,"column":50}},{"start":{"line":8,"column":55},"end":{"line":8,"column":86}}],"line":8}},"s":{"0":1,"1":1,"2":1,"3":1,"4":1},"f":{"0":1},"b":{"0":[1,1]},"_coverageSchema":"1a1c01bbd47fc00a2c39e90264f33305004495a9","hash":"5291427c65a2afd542fcb6cde2d36092737d40f1"}
}
