TN:
SF:__tests__/mockedStore.data.ts
FNF:0
FNH:0
DA:2,1
DA:3,1
LF:2
LH:2
BRF:0
BRH:0
end_of_record
TN:
SF:src/app/city-weather/CityWeather/CityWeather.tsx
FN:13,(anonymous_0)
FN:19,(anonymous_1)
FN:21,(anonymous_2)
FN:25,(anonymous_3)
FN:31,(anonymous_4)
FN:34,(anonymous_5)
FN:37,(anonymous_6)
FN:45,(anonymous_7)
FN:52,(anonymous_8)
FNF:9
FNH:9
FNDA:4,(anonymous_0)
FNDA:4,(anonymous_1)
FNDA:4,(anonymous_2)
FNDA:4,(anonymous_3)
FNDA:4,(anonymous_4)
FNDA:4,(anonymous_5)
FNDA:8,(anonymous_6)
FNDA:8,(anonymous_7)
FNDA:12,(anonymous_8)
DA:2,1
DA:3,1
DA:4,1
DA:5,1
DA:6,1
DA:7,1
DA:8,1
DA:9,1
DA:10,1
DA:13,1
DA:14,4
DA:19,1
DA:20,4
DA:21,4
DA:26,4
DA:27,4
DA:32,4
DA:35,4
DA:38,8
DA:39,8
DA:40,8
DA:41,4
DA:42,4
DA:46,8
DA:48,2
DA:53,12
DA:56,2
DA:58,4
DA:62,1
DA:64,1
DA:65,1
LF:31
LH:31
BRDA:40,0,0,4
BRDA:40,0,1,4
BRDA:46,1,0,2
BRDA:46,1,1,2
BRDA:46,1,2,4
BRDA:52,2,0,2
BRDA:52,2,1,2
BRF:7
BRH:7
end_of_record
TN:
SF:src/app/city-weather/SmallWeatherDayCard/SmallWeatherDayCard.tsx
FN:8,(anonymous_0)
FN:11,(anonymous_1)
FN:16,(anonymous_2)
FN:21,(anonymous_3)
FN:22,(anonymous_4)
FN:30,(anonymous_5)
FN:38,(anonymous_6)
FNF:7
FNH:5
FNDA:6,(anonymous_0)
FNDA:40,(anonymous_1)
FNDA:0,(anonymous_2)
FNDA:12,(anonymous_3)
FNDA:12,(anonymous_4)
FNDA:80,(anonymous_5)
FNDA:0,(anonymous_6)
DA:2,1
DA:3,1
DA:4,1
DA:5,1
DA:9,6
DA:10,6
DA:11,40
DA:12,6
DA:17,0
DA:18,0
DA:22,12
DA:23,12
DA:25,12
DA:26,12
DA:27,12
DA:28,12
DA:31,80
DA:32,80
DA:33,80
DA:38,0
DA:47,1
LF:21
LH:18
BRDA:11,0,0,0
BRDA:11,0,1,40
BRDA:17,1,0,0
BRDA:17,1,1,0
BRDA:35,2,0,12
BRDA:35,2,1,68
BRF:6
BRH:3
end_of_record
TN:
SF:src/app/city-weather/TimeWeatherInfoTab/TimeWeatherInfoTab.tsx
FN:15,(anonymous_0)
FNF:1
FNH:1
FNDA:12,(anonymous_0)
DA:2,1
DA:3,1
DA:4,1
DA:5,1
DA:6,1
DA:7,1
DA:8,1
DA:10,1
DA:15,1
DA:16,12
DA:44,1
LF:11
LH:11
BRF:0
BRH:0
end_of_record
TN:
SF:src/app/global/Error/Error.tsx
FN:7,(anonymous_0)
FNF:1
FNH:1
FNDA:2,(anonymous_0)
DA:2,1
DA:3,1
DA:4,1
DA:5,1
DA:7,1
DA:8,2
DA:13,1
LF:7
LH:7
BRF:0
BRH:0
end_of_record
TN:
SF:src/app/icons/CloudsIcon.tsx
FN:4,(anonymous_0)
FNF:1
FNH:1
FNDA:13,(anonymous_0)
DA:2,2
DA:3,2
DA:4,2
DA:5,13
DA:8,2
LF:5
LH:5
BRF:0
BRH:0
end_of_record
TN:
SF:src/app/icons/ErrorIcon.tsx
FN:4,(anonymous_0)
FNF:1
FNH:1
FNDA:3,(anonymous_0)
DA:2,2
DA:3,2
DA:4,2
DA:5,3
DA:15,2
LF:5
LH:5
BRF:0
BRH:0
end_of_record
TN:
SF:src/app/icons/TempFeelsIcon.tsx
FN:4,(anonymous_0)
FNF:1
FNH:1
FNDA:13,(anonymous_0)
DA:2,2
DA:3,2
DA:4,2
DA:5,13
DA:27,2
LF:5
LH:5
BRF:0
BRH:0
end_of_record
TN:
SF:src/app/icons/TempIcon.tsx
FN:4,(anonymous_0)
FNF:1
FNH:1
FNDA:13,(anonymous_0)
DA:2,2
DA:3,2
DA:4,2
DA:5,13
DA:17,2
LF:5
LH:5
BRF:0
BRH:0
end_of_record
TN:
SF:src/app/icons/WindIcon.tsx
FN:4,(anonymous_0)
FNF:1
FNH:1
FNDA:13,(anonymous_0)
DA:2,2
DA:3,2
DA:4,2
DA:5,13
DA:17,2
LF:5
LH:5
BRF:0
BRH:0
end_of_record
TN:
SF:src/constants/apiInfo.ts
FNF:0
FNH:0
DA:2,1
DA:3,1
DA:4,1
LF:3
LH:3
BRF:0
BRH:0
end_of_record
TN:
SF:src/store/weather/actions.ts
FN:7,(anonymous_0)
FN:8,(anonymous_1)
FN:12,(anonymous_2)
FN:18,(anonymous_3)
FNF:4
FNH:2
FNDA:4,(anonymous_0)
FNDA:4,(anonymous_1)
FNDA:0,(anonymous_2)
FNDA:0,(anonymous_3)
DA:2,1
DA:3,1
DA:4,1
DA:5,1
DA:6,1
DA:7,1
DA:8,4
DA:9,4
DA:10,4
DA:11,4
DA:13,0
DA:14,0
DA:15,0
DA:16,0
DA:19,0
LF:15
LH:10
BRF:0
BRH:0
end_of_record
TN:
SF:src/store/weather/helpers.ts
FN:3,convertWeatherResponse
FN:6,(anonymous_1)
FN:19,(anonymous_2)
FNF:3
FNH:0
FNDA:0,convertWeatherResponse
FNDA:0,(anonymous_1)
FNDA:0,(anonymous_2)
DA:2,1
DA:4,0
DA:5,0
DA:6,0
DA:7,0
DA:8,0
DA:9,0
DA:10,0
DA:11,0
DA:12,0
DA:13,0
DA:15,0
DA:17,0
DA:18,0
DA:19,0
DA:20,0
DA:25,0
DA:27,0
DA:29,1
LF:19
LH:2
BRDA:12,0,0,0
BRDA:12,0,1,0
BRF:2
BRH:0
end_of_record
TN:
SF:src/store/weather/index.ts
FN:2,__export
FNF:1
FNH:1
FNDA:3,__export
DA:3,4
DA:5,1
DA:6,1
DA:7,1
DA:8,1
LF:5
LH:5
BRDA:3,0,0,4
BRDA:3,0,1,0
BRF:2
BRH:1
end_of_record
TN:
SF:src/store/weather/reducer.ts
FN:9,(anonymous_0)
FNF:1
FNH:0
FNDA:0,(anonymous_0)
DA:2,1
DA:3,1
DA:4,1
DA:9,1
DA:10,0
DA:13,0
DA:18,0
DA:23,0
DA:27,0
DA:31,1
LF:10
LH:5
BRDA:9,0,0,0
BRDA:10,1,0,0
BRDA:10,1,1,0
BRDA:10,1,2,0
BRDA:10,1,3,0
BRF:5
BRH:0
end_of_record
TN:
SF:src/store/weather/types.ts
FN:4,(anonymous_0)
FNF:1
FNH:1
FNDA:1,(anonymous_0)
DA:2,1
DA:4,1
DA:5,1
DA:6,1
DA:7,1
LF:5
LH:5
BRDA:8,0,0,1
BRDA:8,0,1,1
BRF:2
BRH:2
end_of_record
