TN:
SF:__tests__/mockedApiResponse.data.ts
FNF:0
FNH:0
DA:2,1
DA:3,1
LF:2
LH:2
BRF:0
BRH:0
end_of_record
TN:
SF:__tests__/mockedStoreKyiv.data.ts
FNF:0
FNH:0
DA:2,3
DA:3,3
LF:2
LH:2
BRF:0
BRH:0
end_of_record
TN:
SF:src/app/city-weather/CityWeather/CityWeather.tsx
FN:17,(anonymous_0)
FN:25,(anonymous_1)
FN:27,(anonymous_2)
FN:28,(anonymous_3)
FN:29,(anonymous_4)
FN:33,(anonymous_5)
FN:40,(anonymous_6)
FN:43,(anonymous_7)
FN:46,(anonymous_8)
FN:55,(anonymous_9)
FN:57,(anonymous_10)
FN:61,(anonymous_11)
FN:69,(anonymous_12)
FN:81,(anonymous_13)
FNF:14
FNH:10
FNDA:4,(anonymous_0)
FNDA:4,(anonymous_1)
FNDA:4,(anonymous_2)
FNDA:0,(anonymous_3)
FNDA:0,(anonymous_4)
FNDA:4,(anonymous_5)
FNDA:4,(anonymous_6)
FNDA:4,(anonymous_7)
FNDA:0,(anonymous_8)
FNDA:2,(anonymous_9)
FNDA:0,(anonymous_10)
FNDA:8,(anonymous_11)
FNDA:8,(anonymous_12)
FNDA:12,(anonymous_13)
DA:2,1
DA:3,1
DA:4,1
DA:5,1
DA:6,1
DA:7,1
DA:8,1
DA:9,1
DA:10,1
DA:11,1
DA:12,1
DA:13,1
DA:14,1
DA:17,1
DA:18,4
DA:25,1
DA:26,4
DA:27,4
DA:28,0
DA:29,0
DA:34,4
DA:35,4
DA:38,4
DA:41,4
DA:44,4
DA:47,0
DA:48,0
DA:49,0
DA:52,0
DA:56,2
DA:57,2
DA:58,0
DA:62,8
DA:63,8
DA:64,8
DA:65,4
DA:66,4
DA:70,8
DA:72,2
DA:82,12
DA:86,2
DA:88,4
DA:92,1
DA:94,1
DA:95,1
LF:45
LH:38
BRDA:48,0,0,0
BRDA:48,0,1,0
BRDA:64,1,0,4
BRDA:64,1,1,4
BRDA:70,2,0,2
BRDA:70,2,1,2
BRDA:70,2,2,4
BRDA:77,3,0,0
BRDA:77,3,1,2
BRF:9
BRH:6
end_of_record
TN:
SF:src/app/city-weather/SmallWeatherDayCard/SmallWeatherDayCard.tsx
FN:9,(anonymous_0)
FN:12,(anonymous_1)
FN:21,(anonymous_2)
FN:24,(anonymous_3)
FN:29,(anonymous_4)
FN:32,(anonymous_5)
FN:36,(anonymous_6)
FNF:7
FNH:5
FNDA:7,(anonymous_0)
FNDA:44,(anonymous_1)
FNDA:0,(anonymous_2)
FNDA:13,(anonymous_3)
FNDA:84,(anonymous_4)
FNDA:0,(anonymous_5)
FNDA:84,(anonymous_6)
DA:2,2
DA:3,2
DA:4,2
DA:5,2
DA:6,2
DA:10,7
DA:11,7
DA:12,44
DA:13,7
DA:14,7
DA:15,7
DA:16,7
DA:22,0
DA:25,13
DA:30,84
DA:31,84
DA:32,84
DA:37,84
DA:43,2
LF:19
LH:18
BRDA:12,0,0,0
BRDA:12,0,1,44
BRDA:32,1,0,13
BRDA:32,1,1,71
BRF:4
BRH:3
end_of_record
TN:
SF:src/app/city-weather/TimeWeatherInfoTab/TimeWeatherInfoTab.tsx
FN:16,(anonymous_0)
FNF:1
FNH:1
FNDA:84,(anonymous_0)
DA:2,3
DA:3,3
DA:4,3
DA:5,3
DA:6,3
DA:7,3
DA:8,3
DA:9,3
DA:11,3
DA:16,3
DA:17,84
DA:31,3
LF:12
LH:12
BRF:0
BRH:0
end_of_record
TN:
SF:src/app/global/Error/Error.tsx
FN:8,(anonymous_0)
FNF:1
FNH:1
FNDA:4,(anonymous_0)
DA:2,2
DA:3,2
DA:4,2
DA:5,2
DA:6,2
DA:8,2
DA:9,4
DA:14,2
LF:8
LH:8
BRF:0
BRH:0
end_of_record
TN:
SF:src/app/global/FavoriteCitiesList/FavoriteCitiesList.tsx
FN:10,(anonymous_0)
FN:15,(anonymous_1)
FN:17,(anonymous_2)
FN:20,(anonymous_3)
FN:24,(anonymous_4)
FN:29,(anonymous_5)
FNF:6
FNH:0
FNDA:0,(anonymous_0)
FNDA:0,(anonymous_1)
FNDA:0,(anonymous_2)
FNDA:0,(anonymous_3)
FNDA:0,(anonymous_4)
FNDA:0,(anonymous_5)
DA:2,1
DA:3,1
DA:4,1
DA:5,1
DA:6,1
DA:7,1
DA:8,1
DA:10,1
DA:11,0
DA:15,1
DA:16,0
DA:17,0
DA:20,1
DA:21,0
DA:25,0
DA:29,0
DA:32,1
LF:17
LH:11
BRDA:21,0,0,0
BRDA:21,0,1,0
BRF:2
BRH:0
end_of_record
TN:
SF:src/app/global/Header/Header.tsx
FN:9,(anonymous_0)
FNF:1
FNH:1
FNDA:1,(anonymous_0)
DA:2,1
DA:3,1
DA:4,1
DA:5,1
DA:6,1
DA:7,1
DA:8,1
DA:9,1
DA:10,1
DA:18,1
LF:10
LH:10
BRF:0
BRH:0
end_of_record
TN:
SF:src/app/global/SearchForm/SearchForm.tsx
FN:10,(anonymous_0)
FN:19,(anonymous_1)
FN:27,(anonymous_2)
FN:34,(anonymous_3)
FNF:4
FNH:2
FNDA:1,(anonymous_0)
FNDA:0,(anonymous_1)
FNDA:0,(anonymous_2)
FNDA:1,(anonymous_3)
DA:2,2
DA:3,2
DA:4,2
DA:5,2
DA:6,2
DA:11,1
DA:12,1
DA:13,1
DA:16,1
DA:17,1
DA:20,0
DA:21,0
DA:22,0
DA:23,0
DA:24,0
DA:28,0
DA:29,0
DA:30,0
DA:35,1
DA:43,2
DA:45,2
LF:21
LH:13
BRDA:22,0,0,0
BRDA:22,0,1,0
BRF:2
BRH:0
end_of_record
TN:
SF:src/app/global/Sidebar/Sidebar.tsx
FN:6,(anonymous_0)
FNF:1
FNH:1
FNDA:1,(anonymous_0)
DA:2,1
DA:3,1
DA:4,1
DA:5,1
DA:6,1
DA:7,1
DA:10,1
LF:7
LH:7
BRF:0
BRH:0
end_of_record
TN:
SF:src/app/icons/CloudsIcon.tsx
FN:4,(anonymous_0)
FNF:1
FNH:1
FNDA:81,(anonymous_0)
DA:2,4
DA:3,4
DA:4,4
DA:5,81
DA:8,4
LF:5
LH:5
BRF:0
BRH:0
end_of_record
TN:
SF:src/app/icons/ErrorIcon.tsx
FN:4,(anonymous_0)
FNF:1
FNH:1
FNDA:3,(anonymous_0)
DA:2,3
DA:3,3
DA:4,3
DA:5,3
DA:15,3
LF:5
LH:5
BRF:0
BRH:0
end_of_record
TN:
SF:src/app/icons/HomeIcon.tsx
FN:5,(anonymous_0)
FNF:1
FNH:0
FNDA:0,(anonymous_0)
DA:2,1
DA:3,1
DA:4,1
DA:5,1
DA:6,0
DA:9,1
LF:6
LH:5
BRF:0
BRH:0
end_of_record
TN:
SF:src/app/icons/TempFeelsIcon.tsx
FN:4,(anonymous_0)
FNF:1
FNH:1
FNDA:81,(anonymous_0)
DA:2,4
DA:3,4
DA:4,4
DA:5,81
DA:27,4
LF:5
LH:5
BRF:0
BRH:0
end_of_record
TN:
SF:src/app/icons/TempIcon.tsx
FN:4,(anonymous_0)
FNF:1
FNH:1
FNDA:81,(anonymous_0)
DA:2,4
DA:3,4
DA:4,4
DA:5,81
DA:17,4
LF:5
LH:5
BRF:0
BRH:0
end_of_record
TN:
SF:src/app/icons/WindIcon.tsx
FN:4,(anonymous_0)
FNF:1
FNH:1
FNDA:81,(anonymous_0)
DA:2,4
DA:3,4
DA:4,4
DA:5,81
DA:17,4
LF:5
LH:5
BRF:0
BRH:0
end_of_record
TN:
SF:src/constants/apiInfo.ts
FNF:0
FNH:0
DA:2,2
DA:3,2
DA:4,2
LF:3
LH:3
BRF:0
BRH:0
end_of_record
TN:
SF:src/localStorage/favoriteCities.ts
FN:3,(anonymous_0)
FN:8,(anonymous_1)
FN:10,(anonymous_2)
FNF:3
FNH:0
FNDA:0,(anonymous_0)
FNDA:0,(anonymous_1)
FNDA:0,(anonymous_2)
DA:2,2
DA:3,2
DA:4,0
DA:5,0
DA:6,0
DA:8,2
DA:9,0
DA:10,0
DA:11,0
LF:9
LH:3
BRDA:4,0,0,0
BRDA:4,0,1,0
BRDA:9,1,0,0
BRDA:9,1,1,0
BRF:4
BRH:0
end_of_record
TN:
SF:src/localStorage/index.ts
FN:2,__export
FNF:1
FNH:1
FNDA:4,__export
DA:3,8
DA:5,2
DA:6,2
DA:7,2
LF:4
LH:4
BRDA:3,0,0,8
BRDA:3,0,1,0
BRF:2
BRH:1
end_of_record
TN:
SF:src/localStorage/main.ts
FN:5,(anonymous_0)
FN:16,(anonymous_1)
FNF:2
FNH:1
FNDA:0,(anonymous_0)
FNDA:2,(anonymous_1)
DA:2,2
DA:3,2
DA:4,2
DA:5,2
DA:6,0
DA:8,0
DA:9,0
DA:11,0
DA:12,0
DA:15,2
DA:17,2
DA:18,2
LF:12
LH:7
BRDA:6,0,0,0
BRDA:6,0,1,0
BRDA:18,1,0,0
BRDA:18,1,1,2
BRF:4
BRH:1
end_of_record
TN:
SF:src/localStorage/types.ts
FN:4,(anonymous_0)
FN:10,(anonymous_1)
FNF:2
FNH:2
FNDA:2,(anonymous_0)
FNDA:2,(anonymous_1)
DA:2,2
DA:4,2
DA:5,2
DA:6,2
DA:10,2
DA:11,2
LF:6
LH:6
BRDA:7,0,0,2
BRDA:7,0,1,2
BRDA:12,1,0,2
BRDA:12,1,1,2
BRF:4
BRH:4
end_of_record
TN:
SF:src/store/favoritesCity/actions.ts
FN:4,(anonymous_0)
FN:5,(anonymous_1)
FN:9,(anonymous_2)
FN:10,(anonymous_3)
FNF:4
FNH:0
FNDA:0,(anonymous_0)
FNDA:0,(anonymous_1)
FNDA:0,(anonymous_2)
FNDA:0,(anonymous_3)
DA:2,2
DA:3,2
DA:4,2
DA:5,0
DA:6,0
DA:9,2
DA:10,0
DA:11,0
LF:8
LH:4
BRF:0
BRH:0
end_of_record
TN:
SF:src/store/favoritesCity/index.ts
FN:2,__export
FNF:1
FNH:1
FNDA:6,__export
DA:3,10
DA:5,2
DA:6,2
DA:7,2
DA:8,2
LF:5
LH:5
BRDA:3,0,0,10
BRDA:3,0,1,0
BRF:2
BRH:1
end_of_record
TN:
SF:src/store/favoritesCity/reducer.ts
FN:8,(anonymous_0)
FN:17,(anonymous_1)
FNF:2
FNH:0
FNDA:0,(anonymous_0)
FNDA:0,(anonymous_1)
DA:2,2
DA:3,2
DA:4,2
DA:5,2
DA:8,2
DA:9,0
DA:12,0
DA:17,0
DA:21,0
DA:25,2
LF:10
LH:6
BRDA:8,0,0,0
BRDA:9,1,0,0
BRDA:9,1,1,0
BRDA:9,1,2,0
BRF:4
BRH:0
end_of_record
TN:
SF:src/store/favoritesCity/types.ts
FN:5,(anonymous_0)
FNF:1
FNH:1
FNDA:2,(anonymous_0)
DA:2,2
DA:5,2
DA:6,2
DA:7,2
LF:4
LH:4
BRDA:8,0,0,2
BRDA:8,0,1,2
BRF:2
BRH:2
end_of_record
TN:
SF:src/store/weather/actions.ts
FN:7,(anonymous_0)
FN:8,(anonymous_1)
FN:12,(anonymous_2)
FN:18,(anonymous_3)
FNF:4
FNH:4
FNDA:7,(anonymous_0)
FNDA:7,(anonymous_1)
FNDA:1,(anonymous_2)
FNDA:2,(anonymous_3)
DA:2,2
DA:3,2
DA:4,2
DA:5,2
DA:6,2
DA:7,2
DA:8,7
DA:9,7
DA:10,7
DA:11,7
DA:13,1
DA:14,1
DA:15,1
DA:16,1
DA:19,2
LF:15
LH:15
BRF:0
BRH:0
end_of_record
TN:
SF:src/store/weather/helpers.ts
FN:3,convertWeatherResponse
FN:6,(anonymous_1)
FN:19,(anonymous_2)
FNF:3
FNH:3
FNDA:2,convertWeatherResponse
FNDA:80,(anonymous_1)
FNDA:12,(anonymous_2)
DA:2,2
DA:4,2
DA:5,2
DA:6,2
DA:7,80
DA:8,80
DA:9,80
DA:10,80
DA:11,80
DA:12,80
DA:13,12
DA:15,80
DA:17,2
DA:18,2
DA:19,2
DA:20,12
DA:25,12
DA:27,2
DA:29,2
LF:19
LH:19
BRDA:12,0,0,12
BRDA:12,0,1,68
BRF:2
BRH:2
end_of_record
TN:
SF:src/store/weather/index.ts
FN:2,__export
FNF:1
FNH:1
FNDA:6,__export
DA:3,8
DA:5,2
DA:6,2
DA:7,2
DA:8,2
LF:5
LH:5
BRDA:3,0,0,8
BRDA:3,0,1,0
BRF:2
BRH:1
end_of_record
TN:
SF:src/store/weather/reducer.ts
FN:9,(anonymous_0)
FNF:1
FNH:0
FNDA:0,(anonymous_0)
DA:2,2
DA:3,2
DA:4,2
DA:9,2
DA:10,0
DA:13,0
DA:18,0
DA:23,0
DA:27,0
DA:31,2
LF:10
LH:5
BRDA:9,0,0,0
BRDA:10,1,0,0
BRDA:10,1,1,0
BRDA:10,1,2,0
BRDA:10,1,3,0
BRF:5
BRH:0
end_of_record
TN:
SF:src/store/weather/types.ts
FN:4,(anonymous_0)
FNF:1
FNH:1
FNDA:2,(anonymous_0)
DA:2,2
DA:4,2
DA:5,2
DA:6,2
DA:7,2
LF:5
LH:5
BRDA:8,0,0,2
BRDA:8,0,1,2
BRF:2
BRH:2
end_of_record
